<?xml version="1.0" encoding="UTF-8"?>
<robot generator="Robot 7.4.2 (Python 3.12.11 on darwin)" generated="2026-03-12T16:21:55.253343" rpa="false" schemaversion="5">
<suite id="s1" name="Atest" source="/Users/tatuaalto/workspace/robotframework-schemathesis-workshop/atest">
<suite id="s1-s1" name="1 Test" source="/Users/tatuaalto/workspace/robotframework-schemathesis-workshop/atest/1_test.robot">
<test id="s1-s1-t1" name="GET / - kOPyh2" line="8">
<kw name="Wrapper">
<kw name="Call And Validate" owner="SchemathesisLibrary">
<msg time="2026-03-12T16:21:55.541794" level="INFO">auth: None &lt;class 'NoneType'&gt;</msg>
<msg time="2026-03-12T16:21:55.541812" level="INFO">Case: / | GET | {}</msg>
<msg time="2026-03-12T16:21:55.541823" level="DEBUG">Case headers {} body 'Not set' cookies {} path parameters {}</msg>
<msg time="2026-03-12T16:21:55.544583" level="DEBUG">Starting new HTTP connection (1): 127.0.0.1:80</msg>
<msg time="2026-03-12T16:21:55.548713" level="DEBUG">http://127.0.0.1:80 "GET / HTTP/1.1" 200 25</msg>
<msg time="2026-03-12T16:21:55.577172" level="DEBUG">Request: GET http://127.0.0.1/ headers: {'User-Agent': 'schemathesis/4.12.0', 'Accept-Encoding': 'gzip, deflate', 'Accept': '*/*', 'Connection': 'keep-alive', 'X-Schemathesis-TestCaseId': 'kOPyh2'} body: None</msg>
<msg time="2026-03-12T16:21:55.577212" level="DEBUG">Response: {'date': ['Thu, 12 Mar 2026 14:21:54 GMT'], 'server': ['uvicorn'], 'content-length': ['25'], 'content-type': ['application/json']} | 200 | {"message":"Hello World"}</msg>
<arg>${case}</arg>
<doc>Call and validate a Schemathesis case.</doc>
<status status="PASS" start="2026-03-12T16:21:55.541659" elapsed="0.035583"/>
</kw>
<arg>case=Case()</arg>
<status status="PASS" start="2026-03-12T16:21:55.541452" elapsed="0.035843"/>
</kw>
<status status="PASS" start="2026-03-12T16:21:55.541053" elapsed="0.036305"/>
</test>
<test id="s1-s1-t2" name="GET /user/{user_id} - StlWFV" line="8">
<kw name="Wrapper">
<kw name="Call And Validate" owner="SchemathesisLibrary">
<msg time="2026-03-12T16:21:55.578001" level="INFO">auth: None &lt;class 'NoneType'&gt;</msg>
<msg time="2026-03-12T16:21:55.578012" level="INFO">Case: /user/{user_id} | GET | {'user_id': 1}</msg>
<msg time="2026-03-12T16:21:55.578023" level="DEBUG">Case headers {'Authorization': 'Basic Og=='} body 'Not set' cookies {} path parameters {'user_id': 1}</msg>
<msg time="2026-03-12T16:21:55.578476" level="DEBUG">Starting new HTTP connection (1): 127.0.0.1:80</msg>
<msg time="2026-03-12T16:21:55.583679" level="DEBUG">http://127.0.0.1:80 "GET /user/1 HTTP/1.1" 401 25</msg>
<msg time="2026-03-12T16:21:55.584060" level="FAIL">FailureGroup: Schemathesis found 1 distinct failure

- Undocumented HTTP status code

    Received: 401
    Documented: 200, 422

[401] Unauthorized:

    `{"detail":"Unauthorized"}`

Reproduce with:

    curl -X GET -H 'Authorization: [Filtered]' http://127.0.0.1/user/1

 (1 sub-exception)</msg>
<msg time="2026-03-12T16:21:55.584843" level="DEBUG">  + Exception Group Traceback (most recent call last):
  |   File "/Users/tatuaalto/workspace/robotframework-schemathesis-workshop/.venv/lib/python3.12/site-packages/robotlibcore/core/dynamic.py", line 25, in run_keyword
  |     return self.keywords[name](*args, **(kwargs or {}))
  |            ^^^^^^^^^^^^^^^^^^^^^^^^^^^^^^^^^^^^^^^^^^^^
  |   File "/Users/tatuaalto/workspace/robotframework-schemathesis-workshop/.venv/lib/python3.12/site-packages/SchemathesisLibrary/__init__.py", line 234, in call_and_validate
  |     response = case.call_and_validate(base_url=base_url, headers=headers, auth=auth, session=session)
  |                ^^^^^^^^^^^^^^^^^^^^^^^^^^^^^^^^^^^^^^^^^^^^^^^^^^^^^^^^^^^^^^^^^^^^^^^^^^^^^^^^^^^^^^
  |   File "/Users/tatuaalto/workspace/robotframework-schemathesis-workshop/.venv/lib/python3.12/site-packages/schemathesis/generation/case.py", line 512, in call_and_validate
  |     self.validate_response(
  |   File "/Users/tatuaalto/workspace/robotframework-schemathesis-workshop/.venv/lib/python3.12/site-packages/schemathesis/generation/case.py", line 478, in validate_response
  |     raise FailureGroup(_failures, message) from None
  | schemathesis.core.failures.FailureGroup: Schemathesis found 1 distinct failure
  | 
  | - Undocumented HTTP status code
  | 
  |     Received: 401
  |     Documented: 200, 422
  | 
  | [401] Unauthorized:
  | 
  |     `{"detail":"Unauthorized"}`
  | 
  | Reproduce with:
  | 
  |     curl -X GET -H 'Authorization: [Filtered]' http://127.0.0.1/user/1
  | 
  |  (1 sub-exception)
  +-+---------------- 1 ----------------
    | schemathesis.openapi.checks.UndefinedStatusCode: Undocumented HTTP status code
    | 
    | Received: 401
    | Documented: 200, 422
    +------------------------------------</msg>
<arg>${case}</arg>
<doc>Call and validate a Schemathesis case.</doc>
<status status="FAIL" start="2026-03-12T16:21:55.577928" elapsed="0.006934">FailureGroup: Schemathesis found 1 distinct failure

- Undocumented HTTP status code

    Received: 401
    Documented: 200, 422

[401] Unauthorized:

    `{"detail":"Unauthorized"}`

Reproduce with:

    curl -X GET -H 'Authorization: [Filtered]' http://127.0.0.1/user/1

 (1 sub-exception)</status>
</kw>
<arg>case=Case(path_parameters={'user_id': 1}, headers={'Authorization': 'Basic Og=='})</arg>
<status status="FAIL" start="2026-03-12T16:21:55.577809" elapsed="0.007102">FailureGroup: Schemathesis found 1 distinct failure

- Undocumented HTTP status code

    Received: 401
    Documented: 200, 422

[401] Unauthorized:

    `{"detail":"Unauthorized"}`

Reproduce with:

    curl -X GET -H 'Authorization: [Filtered]' http://127.0.0.1/user/1

 (1 sub-exception)</status>
</kw>
<status status="FAIL" start="2026-03-12T16:21:55.577448" elapsed="0.007526">FailureGroup: Schemathesis found 1 distinct failure

- Undocumented HTTP status code

    Received: 401
    Documented: 200, 422

[401] Unauthorized:

    `{"detail":"Unauthorized"}`

Reproduce with:

    curl -X GET -H 'Authorization: [Filtered]' http://127.0.0.1/user/1

 (1 sub-exception)</status>
</test>
<test id="s1-s1-t3" name="GET /user/{user_id} - b4kIaZ" line="8">
<kw name="Wrapper">
<kw name="Call And Validate" owner="SchemathesisLibrary">
<msg time="2026-03-12T16:21:55.585480" level="INFO">auth: None &lt;class 'NoneType'&gt;</msg>
<msg time="2026-03-12T16:21:55.585491" level="INFO">Case: /user/{user_id} | GET | {'user_id': -65}</msg>
<msg time="2026-03-12T16:21:55.585501" level="DEBUG">Case headers {'Authorization': 'Basic keub4zo0QIPT'} body 'Not set' cookies {} path parameters {'user_id': -65}</msg>
<msg time="2026-03-12T16:21:55.585828" level="DEBUG">Starting new HTTP connection (1): 127.0.0.1:80</msg>
<msg time="2026-03-12T16:21:55.589683" level="DEBUG">http://127.0.0.1:80 "GET /user/-65 HTTP/1.1" 401 30</msg>
<msg time="2026-03-12T16:21:55.589992" level="FAIL">FailureGroup: Schemathesis found 1 distinct failure

- Undocumented HTTP status code

    Received: 401
    Documented: 200, 422

[401] Unauthorized:

    `{"detail":"Not authenticated"}`

Reproduce with:

    curl -X GET -H 'Authorization: [Filtered]' http://127.0.0.1/user/-65

 (1 sub-exception)</msg>
<msg time="2026-03-12T16:21:55.590146" level="DEBUG">  + Exception Group Traceback (most recent call last):
  |   File "/Users/tatuaalto/workspace/robotframework-schemathesis-workshop/.venv/lib/python3.12/site-packages/robotlibcore/core/dynamic.py", line 25, in run_keyword
  |     return self.keywords[name](*args, **(kwargs or {}))
  |            ^^^^^^^^^^^^^^^^^^^^^^^^^^^^^^^^^^^^^^^^^^^^
  |   File "/Users/tatuaalto/workspace/robotframework-schemathesis-workshop/.venv/lib/python3.12/site-packages/SchemathesisLibrary/__init__.py", line 234, in call_and_validate
  |     response = case.call_and_validate(base_url=base_url, headers=headers, auth=auth, session=session)
  |                ^^^^^^^^^^^^^^^^^^^^^^^^^^^^^^^^^^^^^^^^^^^^^^^^^^^^^^^^^^^^^^^^^^^^^^^^^^^^^^^^^^^^^^
  |   File "/Users/tatuaalto/workspace/robotframework-schemathesis-workshop/.venv/lib/python3.12/site-packages/schemathesis/generation/case.py", line 512, in call_and_validate
  |     self.validate_response(
  |   File "/Users/tatuaalto/workspace/robotframework-schemathesis-workshop/.venv/lib/python3.12/site-packages/schemathesis/generation/case.py", line 478, in validate_response
  |     raise FailureGroup(_failures, message) from None
  | schemathesis.core.failures.FailureGroup: Schemathesis found 1 distinct failure
  | 
  | - Undocumented HTTP status code
  | 
  |     Received: 401
  |     Documented: 200, 422
  | 
  | [401] Unauthorized:
  | 
  |     `{"detail":"Not authenticated"}`
  | 
  | Reproduce with:
  | 
  |     curl -X GET -H 'Authorization: [Filtered]' http://127.0.0.1/user/-65
  | 
  |  (1 sub-exception)
  +-+---------------- 1 ----------------
    | schemathesis.openapi.checks.UndefinedStatusCode: Undocumented HTTP status code
    | 
    | Received: 401
    | Documented: 200, 422
    +------------------------------------</msg>
<arg>${case}</arg>
<doc>Call and validate a Schemathesis case.</doc>
<status status="FAIL" start="2026-03-12T16:21:55.585422" elapsed="0.004800">FailureGroup: Schemathesis found 1 distinct failure

- Undocumented HTTP status code

    Received: 401
    Documented: 200, 422

[401] Unauthorized:

    `{"detail":"Not authenticated"}`

Reproduce with:

    curl -X GET -H 'Authorization: [Filtered]' http://127.0.0.1/user/-65

 (1 sub-exception)</status>
</kw>
<arg>case=Case(path_parameters={'user_id': -65}, headers={'Authorization': 'Basic keub4zo0QIPT'})</arg>
<status status="FAIL" start="2026-03-12T16:21:55.585331" elapsed="0.004933">FailureGroup: Schemathesis found 1 distinct failure

- Undocumented HTTP status code

    Received: 401
    Documented: 200, 422

[401] Unauthorized:

    `{"detail":"Not authenticated"}`

Reproduce with:

    curl -X GET -H 'Authorization: [Filtered]' http://127.0.0.1/user/-65

 (1 sub-exception)</status>
</kw>
<status status="FAIL" start="2026-03-12T16:21:55.585043" elapsed="0.005276">FailureGroup: Schemathesis found 1 distinct failure

- Undocumented HTTP status code

    Received: 401
    Documented: 200, 422

[401] Unauthorized:

    `{"detail":"Not authenticated"}`

Reproduce with:

    curl -X GET -H 'Authorization: [Filtered]' http://127.0.0.1/user/-65

 (1 sub-exception)</status>
</test>
<test id="s1-s1-t4" name="GET /user/{user_id} - E4W8o8" line="8">
<kw name="Wrapper">
<kw name="Call And Validate" owner="SchemathesisLibrary">
<msg time="2026-03-12T16:21:55.590889" level="INFO">auth: None &lt;class 'NoneType'&gt;</msg>
<msg time="2026-03-12T16:21:55.590899" level="INFO">Case: /user/{user_id} | GET | {'user_id': -14496}</msg>
<msg time="2026-03-12T16:21:55.590908" level="DEBUG">Case headers {'Authorization': 'Basic Og=='} body 'Not set' cookies {} path parameters {'user_id': -14496}</msg>
<msg time="2026-03-12T16:21:55.591180" level="DEBUG">Starting new HTTP connection (1): 127.0.0.1:80</msg>
<msg time="2026-03-12T16:21:55.594442" level="DEBUG">http://127.0.0.1:80 "GET /user/-14496 HTTP/1.1" 401 25</msg>
<msg time="2026-03-12T16:21:55.594715" level="FAIL">FailureGroup: Schemathesis found 1 distinct failure

- Undocumented HTTP status code

    Received: 401
    Documented: 200, 422

[401] Unauthorized:

    `{"detail":"Unauthorized"}`

Reproduce with:

    curl -X GET -H 'Authorization: [Filtered]' http://127.0.0.1/user/-14496

 (1 sub-exception)</msg>
<msg time="2026-03-12T16:21:55.594856" level="DEBUG">  + Exception Group Traceback (most recent call last):
  |   File "/Users/tatuaalto/workspace/robotframework-schemathesis-workshop/.venv/lib/python3.12/site-packages/robotlibcore/core/dynamic.py", line 25, in run_keyword
  |     return self.keywords[name](*args, **(kwargs or {}))
  |            ^^^^^^^^^^^^^^^^^^^^^^^^^^^^^^^^^^^^^^^^^^^^
  |   File "/Users/tatuaalto/workspace/robotframework-schemathesis-workshop/.venv/lib/python3.12/site-packages/SchemathesisLibrary/__init__.py", line 234, in call_and_validate
  |     response = case.call_and_validate(base_url=base_url, headers=headers, auth=auth, session=session)
  |                ^^^^^^^^^^^^^^^^^^^^^^^^^^^^^^^^^^^^^^^^^^^^^^^^^^^^^^^^^^^^^^^^^^^^^^^^^^^^^^^^^^^^^^
  |   File "/Users/tatuaalto/workspace/robotframework-schemathesis-workshop/.venv/lib/python3.12/site-packages/schemathesis/generation/case.py", line 512, in call_and_validate
  |     self.validate_response(
  |   File "/Users/tatuaalto/workspace/robotframework-schemathesis-workshop/.venv/lib/python3.12/site-packages/schemathesis/generation/case.py", line 478, in validate_response
  |     raise FailureGroup(_failures, message) from None
  | schemathesis.core.failures.FailureGroup: Schemathesis found 1 distinct failure
  | 
  | - Undocumented HTTP status code
  | 
  |     Received: 401
  |     Documented: 200, 422
  | 
  | [401] Unauthorized:
  | 
  |     `{"detail":"Unauthorized"}`
  | 
  | Reproduce with:
  | 
  |     curl -X GET -H 'Authorization: [Filtered]' http://127.0.0.1/user/-14496
  | 
  |  (1 sub-exception)
  +-+---------------- 1 ----------------
    | schemathesis.openapi.checks.UndefinedStatusCode: Undocumented HTTP status code
    | 
    | Received: 401
    | Documented: 200, 422
    +------------------------------------</msg>
<arg>${case}</arg>
<doc>Call and validate a Schemathesis case.</doc>
<status status="FAIL" start="2026-03-12T16:21:55.590835" elapsed="0.004036">FailureGroup: Schemathesis found 1 distinct failure

- Undocumented HTTP status code

    Received: 401
    Documented: 200, 422

[401] Unauthorized:

    `{"detail":"Unauthorized"}`

Reproduce with:

    curl -X GET -H 'Authorization: [Filtered]' http://127.0.0.1/user/-14496

 (1 sub-exception)</status>
</kw>
<arg>case=Case(path_parameters={'user_id': -14496}, headers={'Authorization': 'Basic Og=='})</arg>
<status status="FAIL" start="2026-03-12T16:21:55.590669" elapsed="0.004237">FailureGroup: Schemathesis found 1 distinct failure

- Undocumented HTTP status code

    Received: 401
    Documented: 200, 422

[401] Unauthorized:

    `{"detail":"Unauthorized"}`

Reproduce with:

    curl -X GET -H 'Authorization: [Filtered]' http://127.0.0.1/user/-14496

 (1 sub-exception)</status>
</kw>
<status status="FAIL" start="2026-03-12T16:21:55.590379" elapsed="0.004574">FailureGroup: Schemathesis found 1 distinct failure

- Undocumented HTTP status code

    Received: 401
    Documented: 200, 422

[401] Unauthorized:

    `{"detail":"Unauthorized"}`

Reproduce with:

    curl -X GET -H 'Authorization: [Filtered]' http://127.0.0.1/user/-14496

 (1 sub-exception)</status>
</test>
<test id="s1-s1-t5" name="DELETE /user/{user_id} - ys07ZR" line="8">
<kw name="Wrapper">
<kw name="Call And Validate" owner="SchemathesisLibrary">
<msg time="2026-03-12T16:21:55.595406" level="INFO">auth: None &lt;class 'NoneType'&gt;</msg>
<msg time="2026-03-12T16:21:55.595417" level="INFO">Case: /user/{user_id} | DELETE | {'user_id': 1}</msg>
<msg time="2026-03-12T16:21:55.595426" level="DEBUG">Case headers {'Authorization': 'Basic Og=='} body 'Not set' cookies {} path parameters {'user_id': 1}</msg>
<msg time="2026-03-12T16:21:55.595673" level="DEBUG">Starting new HTTP connection (1): 127.0.0.1:80</msg>
<msg time="2026-03-12T16:21:55.598446" level="DEBUG">http://127.0.0.1:80 "DELETE /user/1 HTTP/1.1" 401 25</msg>
<msg time="2026-03-12T16:21:55.598720" level="FAIL">FailureGroup: Schemathesis found 1 distinct failure

- Undocumented HTTP status code

    Received: 401
    Documented: 200, 422

[401] Unauthorized:

    `{"detail":"Unauthorized"}`

Reproduce with:

    curl -X DELETE -H 'Authorization: [Filtered]' http://127.0.0.1/user/1

 (1 sub-exception)</msg>
<msg time="2026-03-12T16:21:55.598862" level="DEBUG">  + Exception Group Traceback (most recent call last):
  |   File "/Users/tatuaalto/workspace/robotframework-schemathesis-workshop/.venv/lib/python3.12/site-packages/robotlibcore/core/dynamic.py", line 25, in run_keyword
  |     return self.keywords[name](*args, **(kwargs or {}))
  |            ^^^^^^^^^^^^^^^^^^^^^^^^^^^^^^^^^^^^^^^^^^^^
  |   File "/Users/tatuaalto/workspace/robotframework-schemathesis-workshop/.venv/lib/python3.12/site-packages/SchemathesisLibrary/__init__.py", line 234, in call_and_validate
  |     response = case.call_and_validate(base_url=base_url, headers=headers, auth=auth, session=session)
  |                ^^^^^^^^^^^^^^^^^^^^^^^^^^^^^^^^^^^^^^^^^^^^^^^^^^^^^^^^^^^^^^^^^^^^^^^^^^^^^^^^^^^^^^
  |   File "/Users/tatuaalto/workspace/robotframework-schemathesis-workshop/.venv/lib/python3.12/site-packages/schemathesis/generation/case.py", line 512, in call_and_validate
  |     self.validate_response(
  |   File "/Users/tatuaalto/workspace/robotframework-schemathesis-workshop/.venv/lib/python3.12/site-packages/schemathesis/generation/case.py", line 478, in validate_response
  |     raise FailureGroup(_failures, message) from None
  | schemathesis.core.failures.FailureGroup: Schemathesis found 1 distinct failure
  | 
  | - Undocumented HTTP status code
  | 
  |     Received: 401
  |     Documented: 200, 422
  | 
  | [401] Unauthorized:
  | 
  |     `{"detail":"Unauthorized"}`
  | 
  | Reproduce with:
  | 
  |     curl -X DELETE -H 'Authorization: [Filtered]' http://127.0.0.1/user/1
  | 
  |  (1 sub-exception)
  +-+---------------- 1 ----------------
    | schemathesis.openapi.checks.UndefinedStatusCode: Undocumented HTTP status code
    | 
    | Received: 401
    | Documented: 200, 422
    +------------------------------------</msg>
<arg>${case}</arg>
<doc>Call and validate a Schemathesis case.</doc>
<status status="FAIL" start="2026-03-12T16:21:55.595350" elapsed="0.003546">FailureGroup: Schemathesis found 1 distinct failure

- Undocumented HTTP status code

    Received: 401
    Documented: 200, 422

[401] Unauthorized:

    `{"detail":"Unauthorized"}`

Reproduce with:

    curl -X DELETE -H 'Authorization: [Filtered]' http://127.0.0.1/user/1

 (1 sub-exception)</status>
</kw>
<arg>case=Case(path_parameters={'user_id': 1}, headers={'Authorization': 'Basic Og=='})</arg>
<status status="FAIL" start="2026-03-12T16:21:55.595270" elapsed="0.003664">FailureGroup: Schemathesis found 1 distinct failure

- Undocumented HTTP status code

    Received: 401
    Documented: 200, 422

[401] Unauthorized:

    `{"detail":"Unauthorized"}`

Reproduce with:

    curl -X DELETE -H 'Authorization: [Filtered]' http://127.0.0.1/user/1

 (1 sub-exception)</status>
</kw>
<status status="FAIL" start="2026-03-12T16:21:55.595014" elapsed="0.003968">FailureGroup: Schemathesis found 1 distinct failure

- Undocumented HTTP status code

    Received: 401
    Documented: 200, 422

[401] Unauthorized:

    `{"detail":"Unauthorized"}`

Reproduce with:

    curl -X DELETE -H 'Authorization: [Filtered]' http://127.0.0.1/user/1

 (1 sub-exception)</status>
</test>
<test id="s1-s1-t6" name="DELETE /user/{user_id} - 8luK2n" line="8">
<kw name="Wrapper">
<kw name="Call And Validate" owner="SchemathesisLibrary">
<msg time="2026-03-12T16:21:55.599421" level="INFO">auth: None &lt;class 'NoneType'&gt;</msg>
<msg time="2026-03-12T16:21:55.599431" level="INFO">Case: /user/{user_id} | DELETE | {'user_id': -21087}</msg>
<msg time="2026-03-12T16:21:55.599440" level="DEBUG">Case headers {'Authorization': 'Basic Tjo='} body 'Not set' cookies {} path parameters {'user_id': -21087}</msg>
<msg time="2026-03-12T16:21:55.599702" level="DEBUG">Starting new HTTP connection (1): 127.0.0.1:80</msg>
<msg time="2026-03-12T16:21:55.601388" level="DEBUG">http://127.0.0.1:80 "DELETE /user/-21087 HTTP/1.1" 401 25</msg>
<msg time="2026-03-12T16:21:55.601686" level="FAIL">FailureGroup: Schemathesis found 1 distinct failure

- Undocumented HTTP status code

    Received: 401
    Documented: 200, 422

[401] Unauthorized:

    `{"detail":"Unauthorized"}`

Reproduce with:

    curl -X DELETE -H 'Authorization: [Filtered]' http://127.0.0.1/user/-21087

 (1 sub-exception)</msg>
<msg time="2026-03-12T16:21:55.601834" level="DEBUG">  + Exception Group Traceback (most recent call last):
  |   File "/Users/tatuaalto/workspace/robotframework-schemathesis-workshop/.venv/lib/python3.12/site-packages/robotlibcore/core/dynamic.py", line 25, in run_keyword
  |     return self.keywords[name](*args, **(kwargs or {}))
  |            ^^^^^^^^^^^^^^^^^^^^^^^^^^^^^^^^^^^^^^^^^^^^
  |   File "/Users/tatuaalto/workspace/robotframework-schemathesis-workshop/.venv/lib/python3.12/site-packages/SchemathesisLibrary/__init__.py", line 234, in call_and_validate
  |     response = case.call_and_validate(base_url=base_url, headers=headers, auth=auth, session=session)
  |                ^^^^^^^^^^^^^^^^^^^^^^^^^^^^^^^^^^^^^^^^^^^^^^^^^^^^^^^^^^^^^^^^^^^^^^^^^^^^^^^^^^^^^^
  |   File "/Users/tatuaalto/workspace/robotframework-schemathesis-workshop/.venv/lib/python3.12/site-packages/schemathesis/generation/case.py", line 512, in call_and_validate
  |     self.validate_response(
  |   File "/Users/tatuaalto/workspace/robotframework-schemathesis-workshop/.venv/lib/python3.12/site-packages/schemathesis/generation/case.py", line 478, in validate_response
  |     raise FailureGroup(_failures, message) from None
  | schemathesis.core.failures.FailureGroup: Schemathesis found 1 distinct failure
  | 
  | - Undocumented HTTP status code
  | 
  |     Received: 401
  |     Documented: 200, 422
  | 
  | [401] Unauthorized:
  | 
  |     `{"detail":"Unauthorized"}`
  | 
  | Reproduce with:
  | 
  |     curl -X DELETE -H 'Authorization: [Filtered]' http://127.0.0.1/user/-21087
  | 
  |  (1 sub-exception)
  +-+---------------- 1 ----------------
    | schemathesis.openapi.checks.UndefinedStatusCode: Undocumented HTTP status code
    | 
    | Received: 401
    | Documented: 200, 422
    +------------------------------------</msg>
<arg>${case}</arg>
<doc>Call and validate a Schemathesis case.</doc>
<status status="FAIL" start="2026-03-12T16:21:55.599371" elapsed="0.002481">FailureGroup: Schemathesis found 1 distinct failure

- Undocumented HTTP status code

    Received: 401
    Documented: 200, 422

[401] Unauthorized:

    `{"detail":"Unauthorized"}`

Reproduce with:

    curl -X DELETE -H 'Authorization: [Filtered]' http://127.0.0.1/user/-21087

 (1 sub-exception)</status>
</kw>
<arg>case=Case(path_parameters={'user_id': -21087}, headers={'Authorization': 'Basic Tjo='})</arg>
<status status="FAIL" start="2026-03-12T16:21:55.599293" elapsed="0.002596">FailureGroup: Schemathesis found 1 distinct failure

- Undocumented HTTP status code

    Received: 401
    Documented: 200, 422

[401] Unauthorized:

    `{"detail":"Unauthorized"}`

Reproduce with:

    curl -X DELETE -H 'Authorization: [Filtered]' http://127.0.0.1/user/-21087

 (1 sub-exception)</status>
</kw>
<status status="FAIL" start="2026-03-12T16:21:55.599037" elapsed="0.002903">FailureGroup: Schemathesis found 1 distinct failure

- Undocumented HTTP status code

    Received: 401
    Documented: 200, 422

[401] Unauthorized:

    `{"detail":"Unauthorized"}`

Reproduce with:

    curl -X DELETE -H 'Authorization: [Filtered]' http://127.0.0.1/user/-21087

 (1 sub-exception)</status>
</test>
<test id="s1-s1-t7" name="DELETE /user/{user_id} - W9sPyB" line="8">
<kw name="Wrapper">
<kw name="Call And Validate" owner="SchemathesisLibrary">
<msg time="2026-03-12T16:21:55.602386" level="INFO">auth: None &lt;class 'NoneType'&gt;</msg>
<msg time="2026-03-12T16:21:55.602396" level="INFO">Case: /user/{user_id} | DELETE | {'user_id': 27992}</msg>
<msg time="2026-03-12T16:21:55.602406" level="DEBUG">Case headers {'Authorization': 'Basic AtAKf+zFHnMXOlk='} body 'Not set' cookies {} path parameters {'user_id': 27992}</msg>
<msg time="2026-03-12T16:21:55.602688" level="DEBUG">Starting new HTTP connection (1): 127.0.0.1:80</msg>
<msg time="2026-03-12T16:21:55.604526" level="DEBUG">http://127.0.0.1:80 "DELETE /user/27992 HTTP/1.1" 401 30</msg>
<msg time="2026-03-12T16:21:55.604877" level="FAIL">FailureGroup: Schemathesis found 1 distinct failure

- Undocumented HTTP status code

    Received: 401
    Documented: 200, 422

[401] Unauthorized:

    `{"detail":"Not authenticated"}`

Reproduce with:

    curl -X DELETE -H 'Authorization: [Filtered]' http://127.0.0.1/user/27992

 (1 sub-exception)</msg>
<msg time="2026-03-12T16:21:55.605014" level="DEBUG">  + Exception Group Traceback (most recent call last):
  |   File "/Users/tatuaalto/workspace/robotframework-schemathesis-workshop/.venv/lib/python3.12/site-packages/robotlibcore/core/dynamic.py", line 25, in run_keyword
  |     return self.keywords[name](*args, **(kwargs or {}))
  |            ^^^^^^^^^^^^^^^^^^^^^^^^^^^^^^^^^^^^^^^^^^^^
  |   File "/Users/tatuaalto/workspace/robotframework-schemathesis-workshop/.venv/lib/python3.12/site-packages/SchemathesisLibrary/__init__.py", line 234, in call_and_validate
  |     response = case.call_and_validate(base_url=base_url, headers=headers, auth=auth, session=session)
  |                ^^^^^^^^^^^^^^^^^^^^^^^^^^^^^^^^^^^^^^^^^^^^^^^^^^^^^^^^^^^^^^^^^^^^^^^^^^^^^^^^^^^^^^
  |   File "/Users/tatuaalto/workspace/robotframework-schemathesis-workshop/.venv/lib/python3.12/site-packages/schemathesis/generation/case.py", line 512, in call_and_validate
  |     self.validate_response(
  |   File "/Users/tatuaalto/workspace/robotframework-schemathesis-workshop/.venv/lib/python3.12/site-packages/schemathesis/generation/case.py", line 478, in validate_response
  |     raise FailureGroup(_failures, message) from None
  | schemathesis.core.failures.FailureGroup: Schemathesis found 1 distinct failure
  | 
  | - Undocumented HTTP status code
  | 
  |     Received: 401
  |     Documented: 200, 422
  | 
  | [401] Unauthorized:
  | 
  |     `{"detail":"Not authenticated"}`
  | 
  | Reproduce with:
  | 
  |     curl -X DELETE -H 'Authorization: [Filtered]' http://127.0.0.1/user/27992
  | 
  |  (1 sub-exception)
  +-+---------------- 1 ----------------
    | schemathesis.openapi.checks.UndefinedStatusCode: Undocumented HTTP status code
    | 
    | Received: 401
    | Documented: 200, 422
    +------------------------------------</msg>
<arg>${case}</arg>
<doc>Call and validate a Schemathesis case.</doc>
<status status="FAIL" start="2026-03-12T16:21:55.602339" elapsed="0.002702">FailureGroup: Schemathesis found 1 distinct failure

- Undocumented HTTP status code

    Received: 401
    Documented: 200, 422

[401] Unauthorized:

    `{"detail":"Not authenticated"}`

Reproduce with:

    curl -X DELETE -H 'Authorization: [Filtered]' http://127.0.0.1/user/27992

 (1 sub-exception)</status>
</kw>
<arg>case=Case(path_parameters={'user_id': 27992}, headers={'Authorization': 'Basic AtAKf+zFHnMXOlk='})</arg>
<status status="FAIL" start="2026-03-12T16:21:55.602263" elapsed="0.002812">FailureGroup: Schemathesis found 1 distinct failure

- Undocumented HTTP status code

    Received: 401
    Documented: 200, 422

[401] Unauthorized:

    `{"detail":"Not authenticated"}`

Reproduce with:

    curl -X DELETE -H 'Authorization: [Filtered]' http://127.0.0.1/user/27992

 (1 sub-exception)</status>
</kw>
<status status="FAIL" start="2026-03-12T16:21:55.602005" elapsed="0.003115">FailureGroup: Schemathesis found 1 distinct failure

- Undocumented HTTP status code

    Received: 401
    Documented: 200, 422

[401] Unauthorized:

    `{"detail":"Not authenticated"}`

Reproduce with:

    curl -X DELETE -H 'Authorization: [Filtered]' http://127.0.0.1/user/27992

 (1 sub-exception)</status>
</test>
<test id="s1-s1-t8" name="POST /user - YKIANS" line="8">
<kw name="Wrapper">
<kw name="Call And Validate" owner="SchemathesisLibrary">
<msg time="2026-03-12T16:21:55.605525" level="INFO">auth: None &lt;class 'NoneType'&gt;</msg>
<msg time="2026-03-12T16:21:55.605534" level="INFO">Case: /user | POST | {}</msg>
<msg time="2026-03-12T16:21:55.605544" level="DEBUG">Case headers {'Authorization': 'Basic Og=='} body {'age': 0, 'name': '', 'user_id': 0} cookies {} path parameters {}</msg>
<msg time="2026-03-12T16:21:55.605819" level="DEBUG">Starting new HTTP connection (1): 127.0.0.1:80</msg>
<msg time="2026-03-12T16:21:55.607806" level="DEBUG">http://127.0.0.1:80 "POST /user HTTP/1.1" 401 25</msg>
<msg time="2026-03-12T16:21:55.608079" level="FAIL">FailureGroup: Schemathesis found 1 distinct failure

- Undocumented HTTP status code

    Received: 401
    Documented: 200, 422

[401] Unauthorized:

    `{"detail":"Unauthorized"}`

Reproduce with:

    curl -X POST -H 'Authorization: [Filtered]' -H 'Content-Type: application/json' -d '{"age": 0, "name": "", "user_id": 0}' http://127.0.0.1/user

 (1 sub-exception)</msg>
<msg time="2026-03-12T16:21:55.608223" level="DEBUG">  + Exception Group Traceback (most recent call last):
  |   File "/Users/tatuaalto/workspace/robotframework-schemathesis-workshop/.venv/lib/python3.12/site-packages/robotlibcore/core/dynamic.py", line 25, in run_keyword
  |     return self.keywords[name](*args, **(kwargs or {}))
  |            ^^^^^^^^^^^^^^^^^^^^^^^^^^^^^^^^^^^^^^^^^^^^
  |   File "/Users/tatuaalto/workspace/robotframework-schemathesis-workshop/.venv/lib/python3.12/site-packages/SchemathesisLibrary/__init__.py", line 234, in call_and_validate
  |     response = case.call_and_validate(base_url=base_url, headers=headers, auth=auth, session=session)
  |                ^^^^^^^^^^^^^^^^^^^^^^^^^^^^^^^^^^^^^^^^^^^^^^^^^^^^^^^^^^^^^^^^^^^^^^^^^^^^^^^^^^^^^^
  |   File "/Users/tatuaalto/workspace/robotframework-schemathesis-workshop/.venv/lib/python3.12/site-packages/schemathesis/generation/case.py", line 512, in call_and_validate
  |     self.validate_response(
  |   File "/Users/tatuaalto/workspace/robotframework-schemathesis-workshop/.venv/lib/python3.12/site-packages/schemathesis/generation/case.py", line 478, in validate_response
  |     raise FailureGroup(_failures, message) from None
  | schemathesis.core.failures.FailureGroup: Schemathesis found 1 distinct failure
  | 
  | - Undocumented HTTP status code
  | 
  |     Received: 401
  |     Documented: 200, 422
  | 
  | [401] Unauthorized:
  | 
  |     `{"detail":"Unauthorized"}`
  | 
  | Reproduce with:
  | 
  |     curl -X POST -H 'Authorization: [Filtered]' -H 'Content-Type: application/json' -d '{"age": 0, "name": "", "user_id": 0}' http://127.0.0.1/user
  | 
  |  (1 sub-exception)
  +-+---------------- 1 ----------------
    | schemathesis.openapi.checks.UndefinedStatusCode: Undocumented HTTP status code
    | 
    | Received: 401
    | Documented: 200, 422
    +------------------------------------</msg>
<arg>${case}</arg>
<doc>Call and validate a Schemathesis case.</doc>
<status status="FAIL" start="2026-03-12T16:21:55.605480" elapsed="0.002759">FailureGroup: Schemathesis found 1 distinct failure

- Undocumented HTTP status code

    Received: 401
    Documented: 200, 422

[401] Unauthorized:

    `{"detail":"Unauthorized"}`

Reproduce with:

    curl -X POST -H 'Authorization: [Filtered]' -H 'Content-Type: application/json' -d '{"age": 0, "name": "", "user_id": 0}' http://127.0.0.1/user

 (1 sub-exception)</status>
</kw>
<arg>case=Case(headers={'Authorization': 'Basic Og=='}, body={'age': 0, 'name': '', 'user_id': 0})</arg>
<status status="FAIL" start="2026-03-12T16:21:55.605409" elapsed="0.002865">FailureGroup: Schemathesis found 1 distinct failure

- Undocumented HTTP status code

    Received: 401
    Documented: 200, 422

[401] Unauthorized:

    `{"detail":"Unauthorized"}`

Reproduce with:

    curl -X POST -H 'Authorization: [Filtered]' -H 'Content-Type: application/json' -d '{"age": 0, "name": "", "user_id": 0}' http://127.0.0.1/user

 (1 sub-exception)</status>
</kw>
<status status="FAIL" start="2026-03-12T16:21:55.605173" elapsed="0.003148">FailureGroup: Schemathesis found 1 distinct failure

- Undocumented HTTP status code

    Received: 401
    Documented: 200, 422

[401] Unauthorized:

    `{"detail":"Unauthorized"}`

Reproduce with:

    curl -X POST -H 'Authorization: [Filtered]' -H 'Content-Type: application/json' -d '{"age": 0, "name": "", "user_id": 0}' http://127.0.0.1/user

 (1 sub-exception)</status>
</test>
<test id="s1-s1-t9" name="POST /user - TvuQRc" line="8">
<kw name="Wrapper">
<kw name="Call And Validate" owner="SchemathesisLibrary">
<msg time="2026-03-12T16:21:55.608721" level="INFO">auth: None &lt;class 'NoneType'&gt;</msg>
<msg time="2026-03-12T16:21:55.608730" level="INFO">Case: /user | POST | {}</msg>
<msg time="2026-03-12T16:21:55.608751" level="DEBUG">Case headers {'Authorization': 'Basic FQ3/Oi1zY3JpcHQucHl3'} body {'age': -21, 'name': 'fñÉ\U000a8b90åÿ', 'user_id': -21879, '\U00085b91': -267783176, '': {'\x83\x9bË¿îÿ': False, 'nå\x8b': None, 'ÝꞴY\U0007ecff': None}, 'õ': {'Ó\x00\x9e\x03§xI\U0005b6f0': [], '': [False, 112]}, 'Å=þ\U000ab5ae\U0006a3d8Á]½\x9aû\x0e\x81\x0eü\x03': [{}]} cookies {} path parameters {}</msg>
<msg time="2026-03-12T16:21:55.608998" level="DEBUG">Starting new HTTP connection (1): 127.0.0.1:80</msg>
<msg time="2026-03-12T16:21:55.610828" level="DEBUG">http://127.0.0.1:80 "POST /user HTTP/1.1" 401 30</msg>
<msg time="2026-03-12T16:21:55.611104" level="FAIL">FailureGroup: Schemathesis found 1 distinct failure

- Undocumented HTTP status code

    Received: 401
    Documented: 200, 422

[401] Unauthorized:

    `{"detail":"Not authenticated"}`

Reproduce with:

    curl -X POST -H 'Authorization: [Filtered]' -H 'Content-Type: application/json' -d '{"age": -21, "name": "f\u00f1\u00c9\uda62\udf90\u00e5\u00ff", "user_id": -21879, "\ud9d6\udf91": -267783176, "": {"\u0083\u009b\u00cb\u00bf\u00ee\u00ff": false, "n\u00e5\u008b": null, "\u00dd\ua7b4Y\ud9bb\udcff": null}, "\u00f5": {"\u00d3\u0000\u009e\u0003\u00a7xI\ud92d\udef0": [], "": [false, 112]}, "\u00c5=\u00fe\uda6d\uddae\ud968\udfd8\u00c1]\u00bd\u009a\u00fb\u000e\u0081\u000e\u00fc\u0003": [{}]}' http://127.0.0.1/user

 (1 sub-exception)</msg>
<msg time="2026-03-12T16:21:55.611237" level="DEBUG">  + Exception Group Traceback (most recent call last):
  |   File "/Users/tatuaalto/workspace/robotframework-schemathesis-workshop/.venv/lib/python3.12/site-packages/robotlibcore/core/dynamic.py", line 25, in run_keyword
  |     return self.keywords[name](*args, **(kwargs or {}))
  |            ^^^^^^^^^^^^^^^^^^^^^^^^^^^^^^^^^^^^^^^^^^^^
  |   File "/Users/tatuaalto/workspace/robotframework-schemathesis-workshop/.venv/lib/python3.12/site-packages/SchemathesisLibrary/__init__.py", line 234, in call_and_validate
  |     response = case.call_and_validate(base_url=base_url, headers=headers, auth=auth, session=session)
  |                ^^^^^^^^^^^^^^^^^^^^^^^^^^^^^^^^^^^^^^^^^^^^^^^^^^^^^^^^^^^^^^^^^^^^^^^^^^^^^^^^^^^^^^
  |   File "/Users/tatuaalto/workspace/robotframework-schemathesis-workshop/.venv/lib/python3.12/site-packages/schemathesis/generation/case.py", line 512, in call_and_validate
  |     self.validate_response(
  |   File "/Users/tatuaalto/workspace/robotframework-schemathesis-workshop/.venv/lib/python3.12/site-packages/schemathesis/generation/case.py", line 478, in validate_response
  |     raise FailureGroup(_failures, message) from None
  | schemathesis.core.failures.FailureGroup: Schemathesis found 1 distinct failure
  | 
  | - Undocumented HTTP status code
  | 
  |     Received: 401
  |     Documented: 200, 422
  | 
  | [401] Unauthorized:
  | 
  |     `{"detail":"Not authenticated"}`
  | 
  | Reproduce with:
  | 
  |     curl -X POST -H 'Authorization: [Filtered]' -H 'Content-Type: application/json' -d '{"age": -21, "name": "f\u00f1\u00c9\uda62\udf90\u00e5\u00ff", "user_id": -21879, "\ud9d6\udf91": -267783176, "": {"\u0083\u009b\u00cb\u00bf\u00ee\u00ff": false, "n\u00e5\u008b": null, "\u00dd\ua7b4Y\ud9bb\udcff": null}, "\u00f5": {"\u00d3\u0000\u009e\u0003\u00a7xI\ud92d\udef0": [], "": [false, 112]}, "\u00c5=\u00fe\uda6d\uddae\ud968\udfd8\u00c1]\u00bd\u009a\u00fb\u000e\u0081\u000e\u00fc\u0003": [{}]}' http://127.0.0.1/user
  | 
  |  (1 sub-exception)
  +-+---------------- 1 ----------------
    | schemathesis.openapi.checks.UndefinedStatusCode: Undocumented HTTP status code
    | 
    | Received: 401
    | Documented: 200, 422
    +------------------------------------</msg>
<arg>${case}</arg>
<doc>Call and validate a Schemathesis case.</doc>
<status status="FAIL" start="2026-03-12T16:21:55.608675" elapsed="0.002594">FailureGroup: Schemathesis found 1 distinct failure

- Undocumented HTTP status code

    Received: 401
    Documented: 200, 422

[401] Unauthorized:

    `{"detail":"Not authenticated"}`

Reproduce with:

    curl -X POST -H 'Authorization: [Filtered]' -H 'Content-Type: application/json' -d '{"age": -21, "name": "f\u00f1\u00c9\uda62\udf90\u00e5\u00ff", "user_id": -21879, "\ud9d6\udf91": -267783176, "": {"\u0083\u009b\u00cb\u00bf\u00ee\u00ff": false, "n\u00e5\u008b": null, "\u00dd\ua7b4Y\ud9bb\udcff": null}, "\u00f5": {"\u00d3\u0000\u009e\u0003\u00a7xI\ud92d\udef0": [], "": [false, 112]}, "\u00c5=\u00fe\uda6d\uddae\ud968\udfd8\u00c1]\u00bd\u009a\u00fb\u000e\u0081\u000e\u00fc\u0003": [{}]}' http://127.0.0.1/user

 (1 sub-exception)</status>
</kw>
<arg>case=Case(headers={'Authorization': 'Basic FQ3/Oi1zY3JpcHQucHl3'}, body={'age': -21, 'name': 'fñÉ\U000a8b90åÿ', 'user_id': -21879, '\U00085b91': -267783176, '': {'\x83\x9bË¿îÿ': False, 'nå\x8b': None, 'ÝꞴY\U0007ecff': None}, 'õ': {'Ó\x00\x9e\x03§xI\U0005b6f0': [], '': [False, 112]}, 'Å=þ\U000ab5ae\U0006a3d8Á]½\x9aû\x0e\x81\x0eü\x03': [{}]})</arg>
<status status="FAIL" start="2026-03-12T16:21:55.608603" elapsed="0.002702">FailureGroup: Schemathesis found 1 distinct failure

- Undocumented HTTP status code

    Received: 401
    Documented: 200, 422

[401] Unauthorized:

    `{"detail":"Not authenticated"}`

Reproduce with:

    curl -X POST -H 'Authorization: [Filtered]' -H 'Content-Type: application/json' -d '{"age": -21, "name": "f\u00f1\u00c9\uda62\udf90\u00e5\u00ff", "user_id": -21879, "\ud9d6\udf91": -267783176, "": {"\u0083\u009b\u00cb\u00bf\u00ee\u00ff": false, "n\u00e5\u008b": null, "\u00dd\ua7b4Y\ud9bb\udcff": null}, "\u00f5": {"\u00d3\u0000\u009e\u0003\u00a7xI\ud92d\udef0": [], "": [false, 112]}, "\u00c5=\u00fe\uda6d\uddae\ud968\udfd8\u00c1]\u00bd\u009a\u00fb\u000e\u0081\u000e\u00fc\u0003": [{}]}' http://127.0.0.1/user

 (1 sub-exception)</status>
</kw>
<status status="FAIL" start="2026-03-12T16:21:55.608369" elapsed="0.002987">FailureGroup: Schemathesis found 1 distinct failure

- Undocumented HTTP status code

    Received: 401
    Documented: 200, 422

[401] Unauthorized:

    `{"detail":"Not authenticated"}`

Reproduce with:

    curl -X POST -H 'Authorization: [Filtered]' -H 'Content-Type: application/json' -d '{"age": -21, "name": "f\u00f1\u00c9\uda62\udf90\u00e5\u00ff", "user_id": -21879, "\ud9d6\udf91": -267783176, "": {"\u0083\u009b\u00cb\u00bf\u00ee\u00ff": false, "n\u00e5\u008b": null, "\u00dd\ua7b4Y\ud9bb\udcff": null}, "\u00f5": {"\u00d3\u0000\u009e\u0003\u00a7xI\ud92d\udef0": [], "": [false, 112]}, "\u00c5=\u00fe\uda6d\uddae\ud968\udfd8\u00c1]\u00bd\u009a\u00fb\u000e\u0081\u000e\u00fc\u0003": [{}]}' http://127.0.0.1/user

 (1 sub-exception)</status>
</test>
<test id="s1-s1-t10" name="POST /user - jhIXG3" line="8">
<kw name="Wrapper">
<kw name="Call And Validate" owner="SchemathesisLibrary">
<msg time="2026-03-12T16:21:55.611762" level="INFO">auth: None &lt;class 'NoneType'&gt;</msg>
<msg time="2026-03-12T16:21:55.611771" level="INFO">Case: /user | POST | {}</msg>
<msg time="2026-03-12T16:21:55.611792" level="DEBUG">Case headers {'Authorization': 'Basic EDrUfbTQ/CrRM7apJ0HOPk1PzqOnkg=='} body {'age': 24537, 'name': ';\x86\x96', 'user_id': 4, ',': {}, '\x019i\U0006c2de\x1e`\U000f282c': {'': {"ò¢R\U00047050¬\x19Ù\x9aX\U00101809~'À": None, 'ò': '\x93à²É', 'Ê\x85\U00073f54\x95ä\x94': None}}, 'P\x1d咡Ýp[Í\U0007a67c\x89𑲞Z&gt;': {"\U0010a201Ê\x8e4!)\x06'F\U0003bf32\U0006dbb5\x00\U000a2dd5Ü": None}, '\x80v2!\x99\x06\t¹\U00067f94öã\U0006d4f4ü\x83\U00107787': {}, '\U0005b12b': {'ë\x9b\x00¿\\\U000a5cb8\U000cf8b5Ë\x9c6\x01\x98#lo.Rãf': []}, '': []} cookies {} path parameters {}</msg>
<msg time="2026-03-12T16:21:55.612057" level="DEBUG">Starting new HTTP connection (1): 127.0.0.1:80</msg>
<msg time="2026-03-12T16:21:55.614280" level="DEBUG">http://127.0.0.1:80 "POST /user HTTP/1.1" 401 30</msg>
<msg time="2026-03-12T16:21:55.614578" level="FAIL">FailureGroup: Schemathesis found 1 distinct failure

- Undocumented HTTP status code

    Received: 401
    Documented: 200, 422

[401] Unauthorized:

    `{"detail":"Not authenticated"}`

Reproduce with:

    curl -X POST -H 'Authorization: [Filtered]' -H 'Content-Type: application/json' -d '{"age": 24537, "name": ";\u0086\u0096", "user_id": 4, ",": {}, "\u00019i\ud970\udede\u001e`\udb8a\udc2c": {"": {"\u00f2\u00a2R\ud8dc\udc50\u00ac\u0019\u00d9\u009aX\udbc6\udc09~'"'"'\u00c0": null, "\u00f2": "\u0093\u00e0\u00b2\u00c9", "\u00ca\u0085\ud98f\udf54\u0095\u00e4\u0094": null}}, "P\u001d\u54a1\u00ddp[\u00cd\ud9a9\ude7c\u0089\ud807\udc9eZ&gt;": {"\udbe8\ude01\u00ca\u008e4!)\u0006'"'"'F\ud8af\udf32\ud976\udfb5\u0000\uda4b\uddd5\u00dc": null}, "\u0080v2!\u0099\u0006\t\u00b9\ud95f\udf94\u00f6\u00e3\ud975\udcf4\u00fc\u0083\udbdd\udf87": {}, "\ud92c\udd2b": {"\u00eb\u009b\u0000\u00bf\\\uda57\udcb8\udafe\udcb5\u00cb\u009c6\u0001\u0098#lo.R\u00e3f": []}, "": []}' http://127.0.0.1/user

 (1 sub-exception)</msg>
<msg time="2026-03-12T16:21:55.614715" level="DEBUG">  + Exception Group Traceback (most recent call last):
  |   File "/Users/tatuaalto/workspace/robotframework-schemathesis-workshop/.venv/lib/python3.12/site-packages/robotlibcore/core/dynamic.py", line 25, in run_keyword
  |     return self.keywords[name](*args, **(kwargs or {}))
  |            ^^^^^^^^^^^^^^^^^^^^^^^^^^^^^^^^^^^^^^^^^^^^
  |   File "/Users/tatuaalto/workspace/robotframework-schemathesis-workshop/.venv/lib/python3.12/site-packages/SchemathesisLibrary/__init__.py", line 234, in call_and_validate
  |     response = case.call_and_validate(base_url=base_url, headers=headers, auth=auth, session=session)
  |                ^^^^^^^^^^^^^^^^^^^^^^^^^^^^^^^^^^^^^^^^^^^^^^^^^^^^^^^^^^^^^^^^^^^^^^^^^^^^^^^^^^^^^^
  |   File "/Users/tatuaalto/workspace/robotframework-schemathesis-workshop/.venv/lib/python3.12/site-packages/schemathesis/generation/case.py", line 512, in call_and_validate
  |     self.validate_response(
  |   File "/Users/tatuaalto/workspace/robotframework-schemathesis-workshop/.venv/lib/python3.12/site-packages/schemathesis/generation/case.py", line 478, in validate_response
  |     raise FailureGroup(_failures, message) from None
  | schemathesis.core.failures.FailureGroup: Schemathesis found 1 distinct failure
  | 
  | - Undocumented HTTP status code
  | 
  |     Received: 401
  |     Documented: 200, 422
  | 
  | [401] Unauthorized:
  | 
  |     `{"detail":"Not authenticated"}`
  | 
  | Reproduce with:
  | 
  |     curl -X POST -H 'Authorization: [Filtered]' -H 'Content-Type: application/json' -d '{"age": 24537, "name": ";\u0086\u0096", "user_id": 4, ",": {}, "\u00019i\ud970\udede\u001e`\udb8a\udc2c": {"": {"\u00f2\u00a2R\ud8dc\udc50\u00ac\u0019\u00d9\u009aX\udbc6\udc09~'"'"'\u00c0": null, "\u00f2": "\u0093\u00e0\u00b2\u00c9", "\u00ca\u0085\ud98f\udf54\u0095\u00e4\u0094": null}}, "P\u001d\u54a1\u00ddp[\u00cd\ud9a9\ude7c\u0089\ud807\udc9eZ&gt;": {"\udbe8\ude01\u00ca\u008e4!)\u0006'"'"'F\ud8af\udf32\ud976\udfb5\u0000\uda4b\uddd5\u00dc": null}, "\u0080v2!\u0099\u0006\t\u00b9\ud95f\udf94\u00f6\u00e3\ud975\udcf4\u00fc\u0083\udbdd\udf87": {}, "\ud92c\udd2b": {"\u00eb\u009b\u0000\u00bf\\\uda57\udcb8\udafe\udcb5\u00cb\u009c6\u0001\u0098#lo.R\u00e3f": []}, "": []}' http://127.0.0.1/user
  | 
  |  (1 sub-exception)
  +-+---------------- 1 ----------------
    | schemathesis.openapi.checks.UndefinedStatusCode: Undocumented HTTP status code
    | 
    | Received: 401
    | Documented: 200, 422
    +------------------------------------</msg>
<arg>${case}</arg>
<doc>Call and validate a Schemathesis case.</doc>
<status status="FAIL" start="2026-03-12T16:21:55.611718" elapsed="0.003016">FailureGroup: Schemathesis found 1 distinct failure

- Undocumented HTTP status code

    Received: 401
    Documented: 200, 422

[401] Unauthorized:

    `{"detail":"Not authenticated"}`

Reproduce with:

    curl -X POST -H 'Authorization: [Filtered]' -H 'Content-Type: application/json' -d '{"age": 24537, "name": ";\u0086\u0096", "user_id": 4, ",": {}, "\u00019i\ud970\udede\u001e`\udb8a\udc2c": {"": {"\u00f2\u00a2R\ud8dc\udc50\u00ac\u0019\u00d9\u009aX\udbc6\udc09~'"'"'\u00c0": null, "\u00f2": "\u0093\u00e0\u00b2\u00c9", "\u00ca\u0085\ud98f\udf54\u0095\u00e4\u0094": null}}, "P\u001d\u54a1\u00ddp[\u00cd\ud9a9\ude7c\u0089\ud807\udc9eZ&gt;": {"\udbe8\ude01\u00ca\u008e4!)\u0006'"'"'F\ud8af\udf32\ud976\udfb5\u0000\uda4b\uddd5\u00dc": null}, "\u0080v2!\u0099\u0006\t\u00b9\ud95f\udf94\u00f6\u00e3\ud975\udcf4\u00fc\u0083\udbdd\udf87": {}, "\ud92c\udd2b": {"\u00eb\u009b\u0000\u00bf\\\uda57\udcb8\udafe\udcb5\u00cb\u009c6\u0001\u0098#lo.R\u00e3f": []}, "": []}' http://127.0.0.1/user

 (1 sub-exception)</status>
</kw>
<arg>case=Case(headers={'Authorization': 'Basic EDrUfbTQ/CrRM7apJ0HOPk1PzqOnkg=='}, body={'age': 24537, 'name': ';\x86\x96', 'user_id': 4, ',': {}, '\x019i\U0006c2de\x1e`\U000f282c': {'': {"ò¢R\U00047050¬\x19Ù\x9aX\U00101809~'À": None, 'ò': '\x93à²É', 'Ê\x85\U00073f54\x95ä\x94': None}}, 'P\x1d咡Ýp[Í\U0007a67c\x89𑲞Z&gt;': {"\U0010a201Ê\x8e4!)\x06'F\U0003bf32\U0006dbb5\x00\U000a2dd5Ü": None}, '\x80v2!\x99\x06\t¹\U00067f94öã\U0006d4f4ü\x83\U00107787': {}, '\U0005b12b': {'ë\x9b\x00¿\\\U000a5cb8\U000cf8b5Ë\x9c6\x01\x98#lo.Rãf': []}, '': []})</arg>
<status status="FAIL" start="2026-03-12T16:21:55.611647" elapsed="0.003137">FailureGroup: Schemathesis found 1 distinct failure

- Undocumented HTTP status code

    Received: 401
    Documented: 200, 422

[401] Unauthorized:

    `{"detail":"Not authenticated"}`

Reproduce with:

    curl -X POST -H 'Authorization: [Filtered]' -H 'Content-Type: application/json' -d '{"age": 24537, "name": ";\u0086\u0096", "user_id": 4, ",": {}, "\u00019i\ud970\udede\u001e`\udb8a\udc2c": {"": {"\u00f2\u00a2R\ud8dc\udc50\u00ac\u0019\u00d9\u009aX\udbc6\udc09~'"'"'\u00c0": null, "\u00f2": "\u0093\u00e0\u00b2\u00c9", "\u00ca\u0085\ud98f\udf54\u0095\u00e4\u0094": null}}, "P\u001d\u54a1\u00ddp[\u00cd\ud9a9\ude7c\u0089\ud807\udc9eZ&gt;": {"\udbe8\ude01\u00ca\u008e4!)\u0006'"'"'F\ud8af\udf32\ud976\udfb5\u0000\uda4b\uddd5\u00dc": null}, "\u0080v2!\u0099\u0006\t\u00b9\ud95f\udf94\u00f6\u00e3\ud975\udcf4\u00fc\u0083\udbdd\udf87": {}, "\ud92c\udd2b": {"\u00eb\u009b\u0000\u00bf\\\uda57\udcb8\udafe\udcb5\u00cb\u009c6\u0001\u0098#lo.R\u00e3f": []}, "": []}' http://127.0.0.1/user

 (1 sub-exception)</status>
</kw>
<status status="FAIL" start="2026-03-12T16:21:55.611410" elapsed="0.003436">FailureGroup: Schemathesis found 1 distinct failure

- Undocumented HTTP status code

    Received: 401
    Documented: 200, 422

[401] Unauthorized:

    `{"detail":"Not authenticated"}`

Reproduce with:

    curl -X POST -H 'Authorization: [Filtered]' -H 'Content-Type: application/json' -d '{"age": 24537, "name": ";\u0086\u0096", "user_id": 4, ",": {}, "\u00019i\ud970\udede\u001e`\udb8a\udc2c": {"": {"\u00f2\u00a2R\ud8dc\udc50\u00ac\u0019\u00d9\u009aX\udbc6\udc09~'"'"'\u00c0": null, "\u00f2": "\u0093\u00e0\u00b2\u00c9", "\u00ca\u0085\ud98f\udf54\u0095\u00e4\u0094": null}}, "P\u001d\u54a1\u00ddp[\u00cd\ud9a9\ude7c\u0089\ud807\udc9eZ&gt;": {"\udbe8\ude01\u00ca\u008e4!)\u0006'"'"'F\ud8af\udf32\ud976\udfb5\u0000\uda4b\uddd5\u00dc": null}, "\u0080v2!\u0099\u0006\t\u00b9\ud95f\udf94\u00f6\u00e3\ud975\udcf4\u00fc\u0083\udbdd\udf87": {}, "\ud92c\udd2b": {"\u00eb\u009b\u0000\u00bf\\\uda57\udcb8\udafe\udcb5\u00cb\u009c6\u0001\u0098#lo.R\u00e3f": []}, "": []}' http://127.0.0.1/user

 (1 sub-exception)</status>
</test>
<test id="s1-s1-t11" name="GET /item/{item_id} - FOqfIt" line="8">
<kw name="Wrapper">
<kw name="Call And Validate" owner="SchemathesisLibrary">
<msg time="2026-03-12T16:21:55.615341" level="INFO">auth: None &lt;class 'NoneType'&gt;</msg>
<msg time="2026-03-12T16:21:55.615353" level="INFO">Case: /item/{item_id} | GET | {'item_id': 1}</msg>
<msg time="2026-03-12T16:21:55.615362" level="DEBUG">Case headers {} body 'Not set' cookies {} path parameters {'item_id': 1}</msg>
<msg time="2026-03-12T16:21:55.615607" level="DEBUG">Starting new HTTP connection (1): 127.0.0.1:80</msg>
<msg time="2026-03-12T16:21:55.618206" level="DEBUG">http://127.0.0.1:80 "GET /item/1 HTTP/1.1" 404 27</msg>
<msg time="2026-03-12T16:21:55.618454" level="FAIL">FailureGroup: Schemathesis found 1 distinct failure

- Undocumented HTTP status code

    Received: 404
    Documented: 200, 422

[404] Not Found:

    `{"detail":"Item not found"}`

Reproduce with:

    curl -X GET http://127.0.0.1/item/1

 (1 sub-exception)</msg>
<msg time="2026-03-12T16:21:55.618585" level="DEBUG">  + Exception Group Traceback (most recent call last):
  |   File "/Users/tatuaalto/workspace/robotframework-schemathesis-workshop/.venv/lib/python3.12/site-packages/robotlibcore/core/dynamic.py", line 25, in run_keyword
  |     return self.keywords[name](*args, **(kwargs or {}))
  |            ^^^^^^^^^^^^^^^^^^^^^^^^^^^^^^^^^^^^^^^^^^^^
  |   File "/Users/tatuaalto/workspace/robotframework-schemathesis-workshop/.venv/lib/python3.12/site-packages/SchemathesisLibrary/__init__.py", line 234, in call_and_validate
  |     response = case.call_and_validate(base_url=base_url, headers=headers, auth=auth, session=session)
  |                ^^^^^^^^^^^^^^^^^^^^^^^^^^^^^^^^^^^^^^^^^^^^^^^^^^^^^^^^^^^^^^^^^^^^^^^^^^^^^^^^^^^^^^
  |   File "/Users/tatuaalto/workspace/robotframework-schemathesis-workshop/.venv/lib/python3.12/site-packages/schemathesis/generation/case.py", line 512, in call_and_validate
  |     self.validate_response(
  |   File "/Users/tatuaalto/workspace/robotframework-schemathesis-workshop/.venv/lib/python3.12/site-packages/schemathesis/generation/case.py", line 478, in validate_response
  |     raise FailureGroup(_failures, message) from None
  | schemathesis.core.failures.FailureGroup: Schemathesis found 1 distinct failure
  | 
  | - Undocumented HTTP status code
  | 
  |     Received: 404
  |     Documented: 200, 422
  | 
  | [404] Not Found:
  | 
  |     `{"detail":"Item not found"}`
  | 
  | Reproduce with:
  | 
  |     curl -X GET http://127.0.0.1/item/1
  | 
  |  (1 sub-exception)
  +-+---------------- 1 ----------------
    | schemathesis.openapi.checks.UndefinedStatusCode: Undocumented HTTP status code
    | 
    | Received: 404
    | Documented: 200, 422
    +------------------------------------</msg>
<arg>${case}</arg>
<doc>Call and validate a Schemathesis case.</doc>
<status status="FAIL" start="2026-03-12T16:21:55.615210" elapsed="0.003390">FailureGroup: Schemathesis found 1 distinct failure

- Undocumented HTTP status code

    Received: 404
    Documented: 200, 422

[404] Not Found:

    `{"detail":"Item not found"}`

Reproduce with:

    curl -X GET http://127.0.0.1/item/1

 (1 sub-exception)</status>
</kw>
<arg>case=Case(path_parameters={'item_id': 1})</arg>
<status status="FAIL" start="2026-03-12T16:21:55.615143" elapsed="0.003488">FailureGroup: Schemathesis found 1 distinct failure

- Undocumented HTTP status code

    Received: 404
    Documented: 200, 422

[404] Not Found:

    `{"detail":"Item not found"}`

Reproduce with:

    curl -X GET http://127.0.0.1/item/1

 (1 sub-exception)</status>
</kw>
<status status="FAIL" start="2026-03-12T16:21:55.614911" elapsed="0.003760">FailureGroup: Schemathesis found 1 distinct failure

- Undocumented HTTP status code

    Received: 404
    Documented: 200, 422

[404] Not Found:

    `{"detail":"Item not found"}`

Reproduce with:

    curl -X GET http://127.0.0.1/item/1

 (1 sub-exception)</status>
</test>
<test id="s1-s1-t12" name="GET /item/{item_id} - pbS9aE" line="8">
<kw name="Wrapper">
<kw name="Call And Validate" owner="SchemathesisLibrary">
<msg time="2026-03-12T16:21:55.619069" level="INFO">auth: None &lt;class 'NoneType'&gt;</msg>
<msg time="2026-03-12T16:21:55.619078" level="INFO">Case: /item/{item_id} | GET | {'item_id': 6547}</msg>
<msg time="2026-03-12T16:21:55.619087" level="DEBUG">Case headers {} body 'Not set' cookies {} path parameters {'item_id': 6547}</msg>
<msg time="2026-03-12T16:21:55.619322" level="DEBUG">Starting new HTTP connection (1): 127.0.0.1:80</msg>
<msg time="2026-03-12T16:21:55.621573" level="DEBUG">http://127.0.0.1:80 "GET /item/6547 HTTP/1.1" 404 27</msg>
<msg time="2026-03-12T16:21:55.621810" level="FAIL">FailureGroup: Schemathesis found 1 distinct failure

- Undocumented HTTP status code

    Received: 404
    Documented: 200, 422

[404] Not Found:

    `{"detail":"Item not found"}`

Reproduce with:

    curl -X GET http://127.0.0.1/item/6547

 (1 sub-exception)</msg>
<msg time="2026-03-12T16:21:55.621940" level="DEBUG">  + Exception Group Traceback (most recent call last):
  |   File "/Users/tatuaalto/workspace/robotframework-schemathesis-workshop/.venv/lib/python3.12/site-packages/robotlibcore/core/dynamic.py", line 25, in run_keyword
  |     return self.keywords[name](*args, **(kwargs or {}))
  |            ^^^^^^^^^^^^^^^^^^^^^^^^^^^^^^^^^^^^^^^^^^^^
  |   File "/Users/tatuaalto/workspace/robotframework-schemathesis-workshop/.venv/lib/python3.12/site-packages/SchemathesisLibrary/__init__.py", line 234, in call_and_validate
  |     response = case.call_and_validate(base_url=base_url, headers=headers, auth=auth, session=session)
  |                ^^^^^^^^^^^^^^^^^^^^^^^^^^^^^^^^^^^^^^^^^^^^^^^^^^^^^^^^^^^^^^^^^^^^^^^^^^^^^^^^^^^^^^
  |   File "/Users/tatuaalto/workspace/robotframework-schemathesis-workshop/.venv/lib/python3.12/site-packages/schemathesis/generation/case.py", line 512, in call_and_validate
  |     self.validate_response(
  |   File "/Users/tatuaalto/workspace/robotframework-schemathesis-workshop/.venv/lib/python3.12/site-packages/schemathesis/generation/case.py", line 478, in validate_response
  |     raise FailureGroup(_failures, message) from None
  | schemathesis.core.failures.FailureGroup: Schemathesis found 1 distinct failure
  | 
  | - Undocumented HTTP status code
  | 
  |     Received: 404
  |     Documented: 200, 422
  | 
  | [404] Not Found:
  | 
  |     `{"detail":"Item not found"}`
  | 
  | Reproduce with:
  | 
  |     curl -X GET http://127.0.0.1/item/6547
  | 
  |  (1 sub-exception)
  +-+---------------- 1 ----------------
    | schemathesis.openapi.checks.UndefinedStatusCode: Undocumented HTTP status code
    | 
    | Received: 404
    | Documented: 200, 422
    +------------------------------------</msg>
<arg>${case}</arg>
<doc>Call and validate a Schemathesis case.</doc>
<status status="FAIL" start="2026-03-12T16:21:55.619027" elapsed="0.002941">FailureGroup: Schemathesis found 1 distinct failure

- Undocumented HTTP status code

    Received: 404
    Documented: 200, 422

[404] Not Found:

    `{"detail":"Item not found"}`

Reproduce with:

    curl -X GET http://127.0.0.1/item/6547

 (1 sub-exception)</status>
</kw>
<arg>case=Case(path_parameters={'item_id': 6547})</arg>
<status status="FAIL" start="2026-03-12T16:21:55.618958" elapsed="0.003043">FailureGroup: Schemathesis found 1 distinct failure

- Undocumented HTTP status code

    Received: 404
    Documented: 200, 422

[404] Not Found:

    `{"detail":"Item not found"}`

Reproduce with:

    curl -X GET http://127.0.0.1/item/6547

 (1 sub-exception)</status>
</kw>
<status status="FAIL" start="2026-03-12T16:21:55.618724" elapsed="0.003318">FailureGroup: Schemathesis found 1 distinct failure

- Undocumented HTTP status code

    Received: 404
    Documented: 200, 422

[404] Not Found:

    `{"detail":"Item not found"}`

Reproduce with:

    curl -X GET http://127.0.0.1/item/6547

 (1 sub-exception)</status>
</test>
<test id="s1-s1-t13" name="GET /item/{item_id} - LXyrZD" line="8">
<kw name="Wrapper">
<kw name="Call And Validate" owner="SchemathesisLibrary">
<msg time="2026-03-12T16:21:55.622436" level="INFO">auth: None &lt;class 'NoneType'&gt;</msg>
<msg time="2026-03-12T16:21:55.622445" level="INFO">Case: /item/{item_id} | GET | {'item_id': 22}</msg>
<msg time="2026-03-12T16:21:55.622453" level="DEBUG">Case headers {} body 'Not set' cookies {} path parameters {'item_id': 22}</msg>
<msg time="2026-03-12T16:21:55.622682" level="DEBUG">Starting new HTTP connection (1): 127.0.0.1:80</msg>
<msg time="2026-03-12T16:21:55.625319" level="DEBUG">http://127.0.0.1:80 "GET /item/22 HTTP/1.1" 404 27</msg>
<msg time="2026-03-12T16:21:55.625556" level="FAIL">FailureGroup: Schemathesis found 1 distinct failure

- Undocumented HTTP status code

    Received: 404
    Documented: 200, 422

[404] Not Found:

    `{"detail":"Item not found"}`

Reproduce with:

    curl -X GET http://127.0.0.1/item/22

 (1 sub-exception)</msg>
<msg time="2026-03-12T16:21:55.625685" level="DEBUG">  + Exception Group Traceback (most recent call last):
  |   File "/Users/tatuaalto/workspace/robotframework-schemathesis-workshop/.venv/lib/python3.12/site-packages/robotlibcore/core/dynamic.py", line 25, in run_keyword
  |     return self.keywords[name](*args, **(kwargs or {}))
  |            ^^^^^^^^^^^^^^^^^^^^^^^^^^^^^^^^^^^^^^^^^^^^
  |   File "/Users/tatuaalto/workspace/robotframework-schemathesis-workshop/.venv/lib/python3.12/site-packages/SchemathesisLibrary/__init__.py", line 234, in call_and_validate
  |     response = case.call_and_validate(base_url=base_url, headers=headers, auth=auth, session=session)
  |                ^^^^^^^^^^^^^^^^^^^^^^^^^^^^^^^^^^^^^^^^^^^^^^^^^^^^^^^^^^^^^^^^^^^^^^^^^^^^^^^^^^^^^^
  |   File "/Users/tatuaalto/workspace/robotframework-schemathesis-workshop/.venv/lib/python3.12/site-packages/schemathesis/generation/case.py", line 512, in call_and_validate
  |     self.validate_response(
  |   File "/Users/tatuaalto/workspace/robotframework-schemathesis-workshop/.venv/lib/python3.12/site-packages/schemathesis/generation/case.py", line 478, in validate_response
  |     raise FailureGroup(_failures, message) from None
  | schemathesis.core.failures.FailureGroup: Schemathesis found 1 distinct failure
  | 
  | - Undocumented HTTP status code
  | 
  |     Received: 404
  |     Documented: 200, 422
  | 
  | [404] Not Found:
  | 
  |     `{"detail":"Item not found"}`
  | 
  | Reproduce with:
  | 
  |     curl -X GET http://127.0.0.1/item/22
  | 
  |  (1 sub-exception)
  +-+---------------- 1 ----------------
    | schemathesis.openapi.checks.UndefinedStatusCode: Undocumented HTTP status code
    | 
    | Received: 404
    | Documented: 200, 422
    +------------------------------------</msg>
<arg>${case}</arg>
<doc>Call and validate a Schemathesis case.</doc>
<status status="FAIL" start="2026-03-12T16:21:55.622394" elapsed="0.003306">FailureGroup: Schemathesis found 1 distinct failure

- Undocumented HTTP status code

    Received: 404
    Documented: 200, 422

[404] Not Found:

    `{"detail":"Item not found"}`

Reproduce with:

    curl -X GET http://127.0.0.1/item/22

 (1 sub-exception)</status>
</kw>
<arg>case=Case(path_parameters={'item_id': 22})</arg>
<status status="FAIL" start="2026-03-12T16:21:55.622325" elapsed="0.003407">FailureGroup: Schemathesis found 1 distinct failure

- Undocumented HTTP status code

    Received: 404
    Documented: 200, 422

[404] Not Found:

    `{"detail":"Item not found"}`

Reproduce with:

    curl -X GET http://127.0.0.1/item/22

 (1 sub-exception)</status>
</kw>
<status status="FAIL" start="2026-03-12T16:21:55.622094" elapsed="0.003681">FailureGroup: Schemathesis found 1 distinct failure

- Undocumented HTTP status code

    Received: 404
    Documented: 200, 422

[404] Not Found:

    `{"detail":"Item not found"}`

Reproduce with:

    curl -X GET http://127.0.0.1/item/22

 (1 sub-exception)</status>
</test>
<test id="s1-s1-t14" name="DELETE /item/{item_id} - ckXAaT" line="8">
<kw name="Wrapper">
<kw name="Call And Validate" owner="SchemathesisLibrary">
<msg time="2026-03-12T16:21:55.626174" level="INFO">auth: None &lt;class 'NoneType'&gt;</msg>
<msg time="2026-03-12T16:21:55.626183" level="INFO">Case: /item/{item_id} | DELETE | {'item_id': 1}</msg>
<msg time="2026-03-12T16:21:55.626192" level="DEBUG">Case headers {} body 'Not set' cookies {} path parameters {'item_id': 1}</msg>
<msg time="2026-03-12T16:21:55.626403" level="DEBUG">Starting new HTTP connection (1): 127.0.0.1:80</msg>
<msg time="2026-03-12T16:21:55.629430" level="DEBUG">http://127.0.0.1:80 "DELETE /item/1 HTTP/1.1" 404 27</msg>
<msg time="2026-03-12T16:21:55.629664" level="FAIL">FailureGroup: Schemathesis found 1 distinct failure

- Undocumented HTTP status code

    Received: 404
    Documented: 200, 422

[404] Not Found:

    `{"detail":"Item not found"}`

Reproduce with:

    curl -X DELETE http://127.0.0.1/item/1

 (1 sub-exception)</msg>
<msg time="2026-03-12T16:21:55.629794" level="DEBUG">  + Exception Group Traceback (most recent call last):
  |   File "/Users/tatuaalto/workspace/robotframework-schemathesis-workshop/.venv/lib/python3.12/site-packages/robotlibcore/core/dynamic.py", line 25, in run_keyword
  |     return self.keywords[name](*args, **(kwargs or {}))
  |            ^^^^^^^^^^^^^^^^^^^^^^^^^^^^^^^^^^^^^^^^^^^^
  |   File "/Users/tatuaalto/workspace/robotframework-schemathesis-workshop/.venv/lib/python3.12/site-packages/SchemathesisLibrary/__init__.py", line 234, in call_and_validate
  |     response = case.call_and_validate(base_url=base_url, headers=headers, auth=auth, session=session)
  |                ^^^^^^^^^^^^^^^^^^^^^^^^^^^^^^^^^^^^^^^^^^^^^^^^^^^^^^^^^^^^^^^^^^^^^^^^^^^^^^^^^^^^^^
  |   File "/Users/tatuaalto/workspace/robotframework-schemathesis-workshop/.venv/lib/python3.12/site-packages/schemathesis/generation/case.py", line 512, in call_and_validate
  |     self.validate_response(
  |   File "/Users/tatuaalto/workspace/robotframework-schemathesis-workshop/.venv/lib/python3.12/site-packages/schemathesis/generation/case.py", line 478, in validate_response
  |     raise FailureGroup(_failures, message) from None
  | schemathesis.core.failures.FailureGroup: Schemathesis found 1 distinct failure
  | 
  | - Undocumented HTTP status code
  | 
  |     Received: 404
  |     Documented: 200, 422
  | 
  | [404] Not Found:
  | 
  |     `{"detail":"Item not found"}`
  | 
  | Reproduce with:
  | 
  |     curl -X DELETE http://127.0.0.1/item/1
  | 
  |  (1 sub-exception)
  +-+---------------- 1 ----------------
    | schemathesis.openapi.checks.UndefinedStatusCode: Undocumented HTTP status code
    | 
    | Received: 404
    | Documented: 200, 422
    +------------------------------------</msg>
<arg>${case}</arg>
<doc>Call and validate a Schemathesis case.</doc>
<status status="FAIL" start="2026-03-12T16:21:55.626130" elapsed="0.003679">FailureGroup: Schemathesis found 1 distinct failure

- Undocumented HTTP status code

    Received: 404
    Documented: 200, 422

[404] Not Found:

    `{"detail":"Item not found"}`

Reproduce with:

    curl -X DELETE http://127.0.0.1/item/1

 (1 sub-exception)</status>
</kw>
<arg>case=Case(path_parameters={'item_id': 1})</arg>
<status status="FAIL" start="2026-03-12T16:21:55.626054" elapsed="0.003799">FailureGroup: Schemathesis found 1 distinct failure

- Undocumented HTTP status code

    Received: 404
    Documented: 200, 422

[404] Not Found:

    `{"detail":"Item not found"}`

Reproduce with:

    curl -X DELETE http://127.0.0.1/item/1

 (1 sub-exception)</status>
</kw>
<status status="FAIL" start="2026-03-12T16:21:55.625823" elapsed="0.004075">FailureGroup: Schemathesis found 1 distinct failure

- Undocumented HTTP status code

    Received: 404
    Documented: 200, 422

[404] Not Found:

    `{"detail":"Item not found"}`

Reproduce with:

    curl -X DELETE http://127.0.0.1/item/1

 (1 sub-exception)</status>
</test>
<test id="s1-s1-t15" name="DELETE /item/{item_id} - iV1Db4" line="8">
<kw name="Wrapper">
<kw name="Call And Validate" owner="SchemathesisLibrary">
<msg time="2026-03-12T16:21:55.630369" level="INFO">auth: None &lt;class 'NoneType'&gt;</msg>
<msg time="2026-03-12T16:21:55.630378" level="INFO">Case: /item/{item_id} | DELETE | {'item_id': 59}</msg>
<msg time="2026-03-12T16:21:55.630386" level="DEBUG">Case headers {} body 'Not set' cookies {} path parameters {'item_id': 59}</msg>
<msg time="2026-03-12T16:21:55.630608" level="DEBUG">Starting new HTTP connection (1): 127.0.0.1:80</msg>
<msg time="2026-03-12T16:21:55.632446" level="DEBUG">http://127.0.0.1:80 "DELETE /item/59 HTTP/1.1" 404 27</msg>
<msg time="2026-03-12T16:21:55.632744" level="FAIL">FailureGroup: Schemathesis found 1 distinct failure

- Undocumented HTTP status code

    Received: 404
    Documented: 200, 422

[404] Not Found:

    `{"detail":"Item not found"}`

Reproduce with:

    curl -X DELETE http://127.0.0.1/item/59

 (1 sub-exception)</msg>
<msg time="2026-03-12T16:21:55.632904" level="DEBUG">  + Exception Group Traceback (most recent call last):
  |   File "/Users/tatuaalto/workspace/robotframework-schemathesis-workshop/.venv/lib/python3.12/site-packages/robotlibcore/core/dynamic.py", line 25, in run_keyword
  |     return self.keywords[name](*args, **(kwargs or {}))
  |            ^^^^^^^^^^^^^^^^^^^^^^^^^^^^^^^^^^^^^^^^^^^^
  |   File "/Users/tatuaalto/workspace/robotframework-schemathesis-workshop/.venv/lib/python3.12/site-packages/SchemathesisLibrary/__init__.py", line 234, in call_and_validate
  |     response = case.call_and_validate(base_url=base_url, headers=headers, auth=auth, session=session)
  |                ^^^^^^^^^^^^^^^^^^^^^^^^^^^^^^^^^^^^^^^^^^^^^^^^^^^^^^^^^^^^^^^^^^^^^^^^^^^^^^^^^^^^^^
  |   File "/Users/tatuaalto/workspace/robotframework-schemathesis-workshop/.venv/lib/python3.12/site-packages/schemathesis/generation/case.py", line 512, in call_and_validate
  |     self.validate_response(
  |   File "/Users/tatuaalto/workspace/robotframework-schemathesis-workshop/.venv/lib/python3.12/site-packages/schemathesis/generation/case.py", line 478, in validate_response
  |     raise FailureGroup(_failures, message) from None
  | schemathesis.core.failures.FailureGroup: Schemathesis found 1 distinct failure
  | 
  | - Undocumented HTTP status code
  | 
  |     Received: 404
  |     Documented: 200, 422
  | 
  | [404] Not Found:
  | 
  |     `{"detail":"Item not found"}`
  | 
  | Reproduce with:
  | 
  |     curl -X DELETE http://127.0.0.1/item/59
  | 
  |  (1 sub-exception)
  +-+---------------- 1 ----------------
    | schemathesis.openapi.checks.UndefinedStatusCode: Undocumented HTTP status code
    | 
    | Received: 404
    | Documented: 200, 422
    +------------------------------------</msg>
<arg>${case}</arg>
<doc>Call and validate a Schemathesis case.</doc>
<status status="FAIL" start="2026-03-12T16:21:55.630323" elapsed="0.002598">FailureGroup: Schemathesis found 1 distinct failure

- Undocumented HTTP status code

    Received: 404
    Documented: 200, 422

[404] Not Found:

    `{"detail":"Item not found"}`

Reproduce with:

    curl -X DELETE http://127.0.0.1/item/59

 (1 sub-exception)</status>
</kw>
<arg>case=Case(path_parameters={'item_id': 59})</arg>
<status status="FAIL" start="2026-03-12T16:21:55.630171" elapsed="0.002790">FailureGroup: Schemathesis found 1 distinct failure

- Undocumented HTTP status code

    Received: 404
    Documented: 200, 422

[404] Not Found:

    `{"detail":"Item not found"}`

Reproduce with:

    curl -X DELETE http://127.0.0.1/item/59

 (1 sub-exception)</status>
</kw>
<status status="FAIL" start="2026-03-12T16:21:55.629946" elapsed="0.003064">FailureGroup: Schemathesis found 1 distinct failure

- Undocumented HTTP status code

    Received: 404
    Documented: 200, 422

[404] Not Found:

    `{"detail":"Item not found"}`

Reproduce with:

    curl -X DELETE http://127.0.0.1/item/59

 (1 sub-exception)</status>
</test>
<test id="s1-s1-t16" name="DELETE /item/{item_id} - oqU6yz" line="8">
<kw name="Wrapper">
<kw name="Call And Validate" owner="SchemathesisLibrary">
<msg time="2026-03-12T16:21:55.633445" level="INFO">auth: None &lt;class 'NoneType'&gt;</msg>
<msg time="2026-03-12T16:21:55.633456" level="INFO">Case: /item/{item_id} | DELETE | {'item_id': 117564999067599755309394221061061158214}</msg>
<msg time="2026-03-12T16:21:55.633465" level="DEBUG">Case headers {} body 'Not set' cookies {} path parameters {'item_id': 117564999067599755309394221061061158214}</msg>
<msg time="2026-03-12T16:21:55.633760" level="DEBUG">Starting new HTTP connection (1): 127.0.0.1:80</msg>
<msg time="2026-03-12T16:21:55.636034" level="DEBUG">http://127.0.0.1:80 "DELETE /item/117564999067599755309394221061061158214 HTTP/1.1" 404 27</msg>
<msg time="2026-03-12T16:21:55.636308" level="FAIL">FailureGroup: Schemathesis found 1 distinct failure

- Undocumented HTTP status code

    Received: 404
    Documented: 200, 422

[404] Not Found:

    `{"detail":"Item not found"}`

Reproduce with:

    curl -X DELETE http://127.0.0.1/item/117564999067599755309394221061061158214

 (1 sub-exception)</msg>
<msg time="2026-03-12T16:21:55.636457" level="DEBUG">  + Exception Group Traceback (most recent call last):
  |   File "/Users/tatuaalto/workspace/robotframework-schemathesis-workshop/.venv/lib/python3.12/site-packages/robotlibcore/core/dynamic.py", line 25, in run_keyword
  |     return self.keywords[name](*args, **(kwargs or {}))
  |            ^^^^^^^^^^^^^^^^^^^^^^^^^^^^^^^^^^^^^^^^^^^^
  |   File "/Users/tatuaalto/workspace/robotframework-schemathesis-workshop/.venv/lib/python3.12/site-packages/SchemathesisLibrary/__init__.py", line 234, in call_and_validate
  |     response = case.call_and_validate(base_url=base_url, headers=headers, auth=auth, session=session)
  |                ^^^^^^^^^^^^^^^^^^^^^^^^^^^^^^^^^^^^^^^^^^^^^^^^^^^^^^^^^^^^^^^^^^^^^^^^^^^^^^^^^^^^^^
  |   File "/Users/tatuaalto/workspace/robotframework-schemathesis-workshop/.venv/lib/python3.12/site-packages/schemathesis/generation/case.py", line 512, in call_and_validate
  |     self.validate_response(
  |   File "/Users/tatuaalto/workspace/robotframework-schemathesis-workshop/.venv/lib/python3.12/site-packages/schemathesis/generation/case.py", line 478, in validate_response
  |     raise FailureGroup(_failures, message) from None
  | schemathesis.core.failures.FailureGroup: Schemathesis found 1 distinct failure
  | 
  | - Undocumented HTTP status code
  | 
  |     Received: 404
  |     Documented: 200, 422
  | 
  | [404] Not Found:
  | 
  |     `{"detail":"Item not found"}`
  | 
  | Reproduce with:
  | 
  |     curl -X DELETE http://127.0.0.1/item/117564999067599755309394221061061158214
  | 
  |  (1 sub-exception)
  +-+---------------- 1 ----------------
    | schemathesis.openapi.checks.UndefinedStatusCode: Undocumented HTTP status code
    | 
    | Received: 404
    | Documented: 200, 422
    +------------------------------------</msg>
<arg>${case}</arg>
<doc>Call and validate a Schemathesis case.</doc>
<status status="FAIL" start="2026-03-12T16:21:55.633396" elapsed="0.003078">FailureGroup: Schemathesis found 1 distinct failure

- Undocumented HTTP status code

    Received: 404
    Documented: 200, 422

[404] Not Found:

    `{"detail":"Item not found"}`

Reproduce with:

    curl -X DELETE http://127.0.0.1/item/117564999067599755309394221061061158214

 (1 sub-exception)</status>
</kw>
<arg>case=Case(path_parameters={'item_id': 117564999067599755309394221061061158214})</arg>
<status status="FAIL" start="2026-03-12T16:21:55.633319" elapsed="0.003207">FailureGroup: Schemathesis found 1 distinct failure

- Undocumented HTTP status code

    Received: 404
    Documented: 200, 422

[404] Not Found:

    `{"detail":"Item not found"}`

Reproduce with:

    curl -X DELETE http://127.0.0.1/item/117564999067599755309394221061061158214

 (1 sub-exception)</status>
</kw>
<status status="FAIL" start="2026-03-12T16:21:55.633063" elapsed="0.003508">FailureGroup: Schemathesis found 1 distinct failure

- Undocumented HTTP status code

    Received: 404
    Documented: 200, 422

[404] Not Found:

    `{"detail":"Item not found"}`

Reproduce with:

    curl -X DELETE http://127.0.0.1/item/117564999067599755309394221061061158214

 (1 sub-exception)</status>
</test>
<test id="s1-s1-t17" name="POST /item - q6nSRk" line="8">
<kw name="Wrapper">
<kw name="Call And Validate" owner="SchemathesisLibrary">
<msg time="2026-03-12T16:21:55.636996" level="INFO">auth: None &lt;class 'NoneType'&gt;</msg>
<msg time="2026-03-12T16:21:55.637005" level="INFO">Case: /item | POST | {}</msg>
<msg time="2026-03-12T16:21:55.637015" level="DEBUG">Case headers {} body {'item_id': 0, 'name': '', 'price': 0.0} cookies {} path parameters {}</msg>
<msg time="2026-03-12T16:21:55.637276" level="DEBUG">Starting new HTTP connection (1): 127.0.0.1:80</msg>
<msg time="2026-03-12T16:21:55.639322" level="DEBUG">http://127.0.0.1:80 "POST /item HTTP/1.1" 200 35</msg>
<msg time="2026-03-12T16:21:55.639790" level="DEBUG">Request: POST http://127.0.0.1/item headers: {'User-Agent': 'schemathesis/4.12.0', 'Accept-Encoding': 'gzip, deflate', 'Accept': '*/*', 'Connection': 'keep-alive', 'X-Schemathesis-TestCaseId': 'q6nSRk', 'Content-Type': 'application/json', 'Content-Length': '40'} body: b'{"item_id": 0, "name": "", "price": 0.0}'</msg>
<msg time="2026-03-12T16:21:55.639804" level="DEBUG">Response: {'date': ['Thu, 12 Mar 2026 14:21:54 GMT'], 'server': ['uvicorn'], 'content-length': ['35'], 'content-type': ['application/json']} | 200 | {"item_id":0,"name":"","price":0.0}</msg>
<arg>${case}</arg>
<doc>Call and validate a Schemathesis case.</doc>
<status status="PASS" start="2026-03-12T16:21:55.636948" elapsed="0.002872"/>
</kw>
<arg>case=Case(body={'item_id': 0, 'name': '', 'price': 0.0})</arg>
<status status="PASS" start="2026-03-12T16:21:55.636872" elapsed="0.002972"/>
</kw>
<status status="PASS" start="2026-03-12T16:21:55.636627" elapsed="0.003250"/>
</test>
<test id="s1-s1-t18" name="POST /item - MVr4AW" line="8">
<kw name="Wrapper">
<kw name="Call And Validate" owner="SchemathesisLibrary">
<msg time="2026-03-12T16:21:55.640291" level="INFO">auth: None &lt;class 'NoneType'&gt;</msg>
<msg time="2026-03-12T16:21:55.640300" level="INFO">Case: /item | POST | {}</msg>
<msg time="2026-03-12T16:21:55.640336" level="DEBUG">Case headers {} body {'item_id': 27813, 'name': 'é×ç', 'price': 7.137628560433259e+16, '': {}, '\x03ö': [[[{'': False}], ''], ['÷𐑳ò\x0b', '\x03']], '\x11:\U00099e3cèS\x7f\uf7c3-¡\x99Ì': {}, '\U00092885\x97\xadZ\x1dy?1Û\U000c5ef9äúE': [-73], 'È\U0009de30!': {'\U00102c48\U000f7dd4\x10': [[], [], []], 'ï': {'\U0006f315': {}, '\U0004fd65\x0c': [[-57, -17465, -8.50485281948672e-76], False, {'\ue94a]k\x05\x9e\U00106550\\': None}]}, '-script.pyw': {'0*\U0004695f~\x91\U000870c0\x81\U000404dc\U000c1ab7N': None, '9©': None, '': None}}, '\x91f}óý|\x02 ': [], '»': [], 'P\x1dÂ綶M': 6.796899670903351e+16, '\U0006fff4¯': {'+\x06\U000b6b9e\x12\U0002fb07ö\x16Ó\x9a¤': [], ',': None, '': {'\x9c¤y𨔜\x08': -11819, '{ï;𠝀': False}}, '.exe': {}, 'Q[\x9c': [], '᚛ᚄᚓᚐᚋᚒᚄ\u1680ᚑᚄᚂᚑᚏᚅ᚜': [-5.2996505850284214e+247], 'À·¸\x8a\x9aØ6óÂ§': [[{}, {}, [True, -3.2920963282878986e+214, -99]], {}, [None, {'': 104641659977409157182541075982148740956}, '']], 'Æîh;\U00058dbe\t\x99\x9a': {'': None}, '®§W': {}} cookies {} path parameters {}</msg>
<msg time="2026-03-12T16:21:55.640600" level="DEBUG">Starting new HTTP connection (1): 127.0.0.1:80</msg>
<msg time="2026-03-12T16:21:55.642377" level="DEBUG">http://127.0.0.1:80 "POST /item HTTP/1.1" 200 62</msg>
<msg time="2026-03-12T16:21:55.642563" level="DEBUG">Request: POST http://127.0.0.1/item headers: {'User-Agent': 'schemathesis/4.12.0', 'Accept-Encoding': 'gzip, deflate', 'Accept': '*/*', 'Connection': 'keep-alive', 'X-Schemathesis-TestCaseId': 'MVr4AW', 'Content-Type': 'application/json', 'Content-Length': '1331'} body: b'{"item_id": 27813, "name": "\\u00e9\\u00d7\\u00e7", "price": 7.137628560433259e+16, "": {}, "\\u0003\\u00f6": [[[{"": false}], ""], ["\\u00f7\\ud801\\udc73\\u00f2\\u000b", "\\u0003"]], "\\u0011:\\uda27\\ude3c\\u00e8S\\u007f\\uf7c3-\\u00a1\\u0099\\u00cc": {}, "\\uda0a\\udc85\\u0097\\u00adZ\\u001dy?1\\u00db\\udad7\\udef9\\u00e4\\u00faE": [-73], "\\u00c8\\uda37\\ude30!": {"\\udbcb\\udc48\\udb9f\\uddd4\\u0010": [[], [], []], "\\u00ef": {"\\ud97c\\udf15": {}, "\\ud8ff\\udd65\\f": [[-57, -17465, -8.50485281948672e-76], false, {"\\ue94a]k\\u0005\\u009e\\udbd9\\udd50\\\\": null}]}, "-script.pyw": {"0*\\ud8da\\udd5f~\\u0091\\ud9dc\\udcc0\\u0081\\ud8c1\\udcdc\\udac6\\udeb7N": null, "9\\u00a9": null, "": null}}, "\\u0091f}\\u00f3\\u00fd|\\u0002 ": [], "\\u00bb": [], "P\\u001d\\u00c2\\u7db6M": 6.796899670903351e+16, "\\ud97f\\udff4\\u00af": {"+\\u0006\\uda9a\\udf9e\\u0012\\ud87e\\udf07\\u00f6\\u0016\\u00d3\\u009a\\u00a4": [], ",": null, "": {"\\u009c\\u00a4y\\ud861\\udd1c\\b": -11819, "{\\u00ef;\\ud841\\udf40": false}}, ".exe": {}, "Q[\\u009c": [], "\\u169b\\u1684\\u1693\\u1690\\u168b\\u1692\\u1684\\u1680\\u1691\\u1684\\u1682\\u1691\\u168f\\u1685\\u169c": [-5.2996505850284214e+247], "\\u00c0\\u00b7\\u00b8\\u008a\\u009a\\u00d86\\u00f3\\u00c2\\u00a7": [[{}, {}, [true, -3.2920963282878986e+214, -99]], {}, [null, {"": 104641659977409157182541075982148740956}, ""]], "\\u00c6\\u00eeh;\\ud923\\uddbe\\t\\u0099\\u009a": {"": null}, "\\u00ae\\u00a7W": {}}'</msg>
<msg time="2026-03-12T16:21:55.642580" level="DEBUG">Response: {'date': ['Thu, 12 Mar 2026 14:21:54 GMT'], 'server': ['uvicorn'], 'content-length': ['62'], 'content-type': ['application/json']} | 200 | {"item_id":27813,"name":"é×ç","price":7.137628560433259e16}</msg>
<arg>${case}</arg>
<doc>Call and validate a Schemathesis case.</doc>
<status status="PASS" start="2026-03-12T16:21:55.640245" elapsed="0.002349"/>
</kw>
<arg>case=Case(body={'item_id': 27813, 'name': 'é×ç', 'price': 7.137628560433259e+16, '': {}, '\x03ö': [[[{'': False}], ''], ['÷𐑳ò\x0b', '\x03']], '\x11:\U00099e3cèS\x7f\uf7c3-¡\x99Ì': {}, '\U00092885\x97\xadZ\x1dy?1Û\U000c5ef9äúE': [-73], 'È\U0009de30!': {'\U00102c48\U000f7dd4\x10': [[], [], []], 'ï': {'\U0006f315': {}, '\U0004fd65\x0c': [[-57, -17465, -8.50485281948672e-76], False, {'\ue94a]k\x05\x9e\U00106550\\': None}]}, '-script.pyw': {'0*\U0004695f~\x91\U000870c0\x81\U000404dc\U000c1ab7N': None, '9©': None, '': None}}, '\x91f}óý|\x02 ': [], '»': [], 'P\x1dÂ綶M': 6.796899670903351e+16, '\U0006fff4¯': {'+\x06\U000b6b9e\x12\U0002fb07ö\x16Ó\x9a¤': [], ',': None, '': {'\x9c¤y𨔜\x08': -11819, '{ï;𠝀': False}}, '.exe': {}, 'Q[\x9c': [], '᚛ᚄᚓᚐᚋᚒᚄ\u1680ᚑᚄᚂᚑᚏᚅ᚜': [-5.2996505850284214e+247], 'À·¸\x8a\x9aØ6óÂ§': [[{}, {}, [True, -3.2920963282878986e+214, -99]], {}, [None, {'': 104641659977409157182541075982148740956}, '']], 'Æîh;\U00058dbe\t\x99\x9a': {'': None}, '®§W': {}})</arg>
<status status="PASS" start="2026-03-12T16:21:55.640169" elapsed="0.002444"/>
</kw>
<status status="PASS" start="2026-03-12T16:21:55.639928" elapsed="0.002737"/>
</test>
<test id="s1-s1-t19" name="POST /item - WWu2fd" line="8">
<kw name="Wrapper">
<kw name="Call And Validate" owner="SchemathesisLibrary">
<msg time="2026-03-12T16:21:55.643055" level="INFO">auth: None &lt;class 'NoneType'&gt;</msg>
<msg time="2026-03-12T16:21:55.643064" level="INFO">Case: /item | POST | {}</msg>
<msg time="2026-03-12T16:21:55.643078" level="DEBUG">Case headers {} body {'item_id': -1, 'name': '¥¹\U000abc1a\x18V7sor', 'price': 3470642505038533.0, '': [], 'ä\U000f024f@¯\U000d13cfj\x8a\U000db9c2': {'ÀÝ\x97¥\U000c573d\x1a': {'\x12': '\U0006e6ac\x9d\x9f\x94\x8b𓏯\U00084c94𣒹', '\x11{\x99c^³': None, '깠·åt\x95ÜVevY\x17k𬌅&lt;\x93¥': None}, '\x03vP\x10Ð=¶üð \U001093b1': {'õ|j': None}, '\U0010d578\x96Öø\x00@Þ\x85\U00044289': [True, True]}} cookies {} path parameters {}</msg>
<msg time="2026-03-12T16:21:55.643366" level="DEBUG">Starting new HTTP connection (1): 127.0.0.1:80</msg>
<msg time="2026-03-12T16:21:55.645011" level="DEBUG">http://127.0.0.1:80 "POST /item HTTP/1.1" 200 70</msg>
[...]
<status status="PASS" start="2026-03-12T16:21:55.858197" elapsed="0.004550"/>
</kw>
<status status="PASS" start="2026-03-12T16:21:55.857962" elapsed="0.004865"/>
</test>
<test id="s1-s3-t10" name="POST /user - C8VYMh" line="12">
<kw name="Wrapper">
<kw name="Call And Validate" owner="SchemathesisLibrary">
<msg time="2026-03-12T16:21:55.863229" level="INFO">auth: None &lt;class 'NoneType'&gt;</msg>
<msg time="2026-03-12T16:21:55.863237" level="INFO">Case: /user | POST | {}</msg>
<msg time="2026-03-12T16:21:55.863248" level="DEBUG">Case headers {'Authorization': 'Basic am91bHU6cHVra2k='} body {'age': -947858716, 'name': '', 'user_id': 50, "\x98·ÔÑ\U0009ba87\U0008d44f'«ïg": {'I®\xad\n2é-': [-5549, 'user', 'Ó\x18ô']}} cookies {} path parameters {}</msg>
<msg time="2026-03-12T16:21:55.863542" level="DEBUG">Starting new HTTP connection (1): 127.0.0.1:80</msg>
<msg time="2026-03-12T16:21:55.864436" level="DEBUG">http://127.0.0.1:80 "POST /user HTTP/1.1" 200 41</msg>
<msg time="2026-03-12T16:21:55.865042" level="DEBUG">Starting new HTTP connection (1): 127.0.0.1:80</msg>
<msg time="2026-03-12T16:21:55.865743" level="DEBUG">http://127.0.0.1:80 "POST /user HTTP/1.1" 401 30</msg>
<msg time="2026-03-12T16:21:55.866115" level="DEBUG">Starting new HTTP connection (1): 127.0.0.1:80</msg>
<msg time="2026-03-12T16:21:55.866755" level="DEBUG">http://127.0.0.1:80 "POST /user HTTP/1.1" 401 30</msg>
<msg time="2026-03-12T16:21:55.866834" level="DEBUG">Request: POST http://127.0.0.1/user headers: {'User-Agent': 'schemathesis/4.12.0', 'Accept-Encoding': 'gzip, deflate', 'Accept': '*/*', 'Connection': 'keep-alive', 'Authorization': 'Basic am91bHU6cHVra2k=', 'X-Schemathesis-TestCaseId': 'C8VYMh', 'Content-Type': 'application/json', 'Content-Length': '180'} body: b'{"age": -947858716, "name": "", "user_id": 50, "\\u0098\\u00b7\\u00d4\\u00d1\\uda2e\\ude87\\ud9f5\\udc4f\'\\u00ab\\u00efg": {"I\\u00ae\\u00ad\\n2\\u00e9-": [-5549, "user", "\\u00d3\\u0018\\u00f4"]}}'</msg>
<msg time="2026-03-12T16:21:55.866848" level="DEBUG">Response: {'date': ['Thu, 12 Mar 2026 14:21:54 GMT'], 'server': ['uvicorn'], 'content-length': ['41'], 'content-type': ['application/json']} | 200 | {"user_id":50,"name":"","age":-947858716}</msg>
<arg>${case}</arg>
<doc>Call and validate a Schemathesis case.</doc>
<status status="PASS" start="2026-03-12T16:21:55.863185" elapsed="0.003681"/>
</kw>
<arg>case=Case(headers={'Authorization': 'Basic am91bHU6cHVra2k='}, body={'age': -947858716, 'name': '', 'user_id': 50, "\x98·ÔÑ\U0009ba87\U0008d44f'«ïg": {'I®\xad\n2é-': [-5549, 'user', 'Ó\x18ô']}})</arg>
<status status="PASS" start="2026-03-12T16:21:55.863113" elapsed="0.003783"/>
</kw>
<status status="PASS" start="2026-03-12T16:21:55.862872" elapsed="0.004072"/>
</test>
<test id="s1-s3-t11" name="GET /item/{item_id} - 9vbJ8X" line="12">
<kw name="Wrapper">
<kw name="Call And Validate" owner="SchemathesisLibrary">
<msg time="2026-03-12T16:21:55.867439" level="INFO">auth: None &lt;class 'NoneType'&gt;</msg>
<msg time="2026-03-12T16:21:55.867450" level="INFO">Case: /item/{item_id} | GET | {'item_id': 20}</msg>
<msg time="2026-03-12T16:21:55.867457" level="DEBUG">Case headers {'Authorization': 'Basic am91bHU6cHVra2k='} body 'Not set' cookies {} path parameters {'item_id': 20}</msg>
<msg time="2026-03-12T16:21:55.867707" level="DEBUG">Starting new HTTP connection (1): 127.0.0.1:80</msg>
<msg time="2026-03-12T16:21:55.868487" level="DEBUG">http://127.0.0.1:80 "GET /item/20 HTTP/1.1" 200 42</msg>
<msg time="2026-03-12T16:21:55.868740" level="DEBUG">Request: GET http://127.0.0.1/item/20 headers: {'User-Agent': 'schemathesis/4.12.0', 'Accept-Encoding': 'gzip, deflate', 'Accept': '*/*', 'Connection': 'keep-alive', 'Authorization': 'Basic am91bHU6cHVra2k=', 'X-Schemathesis-TestCaseId': '9vbJ8X'} body: None</msg>
<msg time="2026-03-12T16:21:55.868753" level="DEBUG">Response: {'date': ['Thu, 12 Mar 2026 14:21:54 GMT'], 'server': ['uvicorn'], 'content-length': ['42'], 'content-type': ['application/json']} | 200 | {"item_id":20,"name":"Coffee","price":5.0}</msg>
<arg>${case}</arg>
<doc>Call and validate a Schemathesis case.</doc>
<status status="PASS" start="2026-03-12T16:21:55.867384" elapsed="0.001384"/>
</kw>
<arg>case=Case(path_parameters={'item_id': 20}, headers={'Authorization': 'Basic am91bHU6cHVra2k='})</arg>
<status status="PASS" start="2026-03-12T16:21:55.867296" elapsed="0.001493"/>
</kw>
<status status="PASS" start="2026-03-12T16:21:55.867006" elapsed="0.001816"/>
</test>
<test id="s1-s3-t12" name="GET /item/{item_id} - idhPUr" line="12">
<kw name="Wrapper">
<kw name="Call And Validate" owner="SchemathesisLibrary">
<msg time="2026-03-12T16:21:55.869241" level="INFO">auth: None &lt;class 'NoneType'&gt;</msg>
<msg time="2026-03-12T16:21:55.869251" level="INFO">Case: /item/{item_id} | GET | {'item_id': 20}</msg>
<msg time="2026-03-12T16:21:55.869258" level="DEBUG">Case headers {'Authorization': 'Basic am91bHU6cHVra2k='} body 'Not set' cookies {} path parameters {'item_id': 20}</msg>
<msg time="2026-03-12T16:21:55.869671" level="DEBUG">Starting new HTTP connection (1): 127.0.0.1:80</msg>
<msg time="2026-03-12T16:21:55.870408" level="DEBUG">http://127.0.0.1:80 "GET /item/20 HTTP/1.1" 200 42</msg>
<msg time="2026-03-12T16:21:55.870611" level="DEBUG">Request: GET http://127.0.0.1/item/20 headers: {'User-Agent': 'schemathesis/4.12.0', 'Accept-Encoding': 'gzip, deflate', 'Accept': '*/*', 'Connection': 'keep-alive', 'Authorization': 'Basic am91bHU6cHVra2k=', 'X-Schemathesis-TestCaseId': 'idhPUr'} body: None</msg>
<msg time="2026-03-12T16:21:55.870627" level="DEBUG">Response: {'date': ['Thu, 12 Mar 2026 14:21:54 GMT'], 'server': ['uvicorn'], 'content-length': ['42'], 'content-type': ['application/json']} | 200 | {"item_id":20,"name":"Coffee","price":5.0}</msg>
<arg>${case}</arg>
<doc>Call and validate a Schemathesis case.</doc>
<status status="PASS" start="2026-03-12T16:21:55.869193" elapsed="0.001451"/>
</kw>
<arg>case=Case(path_parameters={'item_id': 20}, headers={'Authorization': 'Basic am91bHU6cHVra2k='})</arg>
<status status="PASS" start="2026-03-12T16:21:55.869117" elapsed="0.001552"/>
</kw>
<status status="PASS" start="2026-03-12T16:21:55.868870" elapsed="0.001839"/>
</test>
<test id="s1-s3-t13" name="GET /item/{item_id} - hKeWBI" line="12">
<kw name="Wrapper">
<kw name="Call And Validate" owner="SchemathesisLibrary">
<msg time="2026-03-12T16:21:55.871192" level="INFO">auth: None &lt;class 'NoneType'&gt;</msg>
<msg time="2026-03-12T16:21:55.871203" level="INFO">Case: /item/{item_id} | GET | {'item_id': 20}</msg>
<msg time="2026-03-12T16:21:55.871211" level="DEBUG">Case headers {'Authorization': 'Basic am91bHU6cHVra2k='} body 'Not set' cookies {} path parameters {'item_id': 20}</msg>
<msg time="2026-03-12T16:21:55.871495" level="DEBUG">Starting new HTTP connection (1): 127.0.0.1:80</msg>
<msg time="2026-03-12T16:21:55.872280" level="DEBUG">http://127.0.0.1:80 "GET /item/20 HTTP/1.1" 200 42</msg>
<msg time="2026-03-12T16:21:55.872458" level="DEBUG">Request: GET http://127.0.0.1/item/20 headers: {'User-Agent': 'schemathesis/4.12.0', 'Accept-Encoding': 'gzip, deflate', 'Accept': '*/*', 'Connection': 'keep-alive', 'Authorization': 'Basic am91bHU6cHVra2k=', 'X-Schemathesis-TestCaseId': 'hKeWBI'} body: None</msg>
<msg time="2026-03-12T16:21:55.872471" level="DEBUG">Response: {'date': ['Thu, 12 Mar 2026 14:21:54 GMT'], 'server': ['uvicorn'], 'content-length': ['42'], 'content-type': ['application/json']} | 200 | {"item_id":20,"name":"Coffee","price":5.0}</msg>
<arg>${case}</arg>
<doc>Call and validate a Schemathesis case.</doc>
<status status="PASS" start="2026-03-12T16:21:55.871140" elapsed="0.001345"/>
</kw>
<arg>case=Case(path_parameters={'item_id': 20}, headers={'Authorization': 'Basic am91bHU6cHVra2k='})</arg>
<status status="PASS" start="2026-03-12T16:21:55.871056" elapsed="0.001450"/>
</kw>
<status status="PASS" start="2026-03-12T16:21:55.870763" elapsed="0.001775"/>
</test>
<test id="s1-s3-t14" name="DELETE /item/{item_id} - kE997Q" line="12">
<kw name="Wrapper">
<kw name="Call And Validate" owner="SchemathesisLibrary">
<msg time="2026-03-12T16:21:55.872956" level="INFO">auth: None &lt;class 'NoneType'&gt;</msg>
<msg time="2026-03-12T16:21:55.872998" level="INFO">Case: /item/{item_id} | DELETE | {'item_id': 20}</msg>
<msg time="2026-03-12T16:21:55.873007" level="DEBUG">Case headers {'Authorization': 'Basic am91bHU6cHVra2k='} body 'Not set' cookies {} path parameters {'item_id': 20}</msg>
<msg time="2026-03-12T16:21:55.873272" level="DEBUG">Starting new HTTP connection (1): 127.0.0.1:80</msg>
<msg time="2026-03-12T16:21:55.873941" level="DEBUG">http://127.0.0.1:80 "DELETE /item/20 HTTP/1.1" 200 42</msg>
<msg time="2026-03-12T16:21:55.874155" level="DEBUG">Request: DELETE http://127.0.0.1/item/20 headers: {'User-Agent': 'schemathesis/4.12.0', 'Accept-Encoding': 'gzip, deflate', 'Accept': '*/*', 'Connection': 'keep-alive', 'Authorization': 'Basic am91bHU6cHVra2k=', 'X-Schemathesis-TestCaseId': 'kE997Q', 'Content-Length': '0'} body: None</msg>
<msg time="2026-03-12T16:21:55.874168" level="DEBUG">Response: {'date': ['Thu, 12 Mar 2026 14:21:54 GMT'], 'server': ['uvicorn'], 'content-length': ['42'], 'content-type': ['application/json']} | 200 | {"item_id":20,"name":"Coffee","price":5.0}</msg>
<arg>${case}</arg>
<doc>Call and validate a Schemathesis case.</doc>
<status status="PASS" start="2026-03-12T16:21:55.872911" elapsed="0.001270"/>
</kw>
<arg>case=Case(path_parameters={'item_id': 20}, headers={'Authorization': 'Basic am91bHU6cHVra2k='})</arg>
<status status="PASS" start="2026-03-12T16:21:55.872836" elapsed="0.001365"/>
</kw>
<status status="PASS" start="2026-03-12T16:21:55.872585" elapsed="0.001648"/>
</test>
<test id="s1-s3-t15" name="DELETE /item/{item_id} - 56Ipg5" line="12">
<kw name="Wrapper">
<kw name="Call And Validate" owner="SchemathesisLibrary">
<msg time="2026-03-12T16:21:55.874627" level="INFO">auth: None &lt;class 'NoneType'&gt;</msg>
<msg time="2026-03-12T16:21:55.874636" level="INFO">Case: /item/{item_id} | DELETE | {'item_id': 20}</msg>
<msg time="2026-03-12T16:21:55.874643" level="DEBUG">Case headers {'Authorization': 'Basic am91bHU6cHVra2k='} body 'Not set' cookies {} path parameters {'item_id': 20}</msg>
<msg time="2026-03-12T16:21:55.874894" level="DEBUG">Starting new HTTP connection (1): 127.0.0.1:80</msg>
<msg time="2026-03-12T16:21:55.875527" level="DEBUG">http://127.0.0.1:80 "DELETE /item/20 HTTP/1.1" 200 42</msg>
<msg time="2026-03-12T16:21:55.875718" level="DEBUG">Request: DELETE http://127.0.0.1/item/20 headers: {'User-Agent': 'schemathesis/4.12.0', 'Accept-Encoding': 'gzip, deflate', 'Accept': '*/*', 'Connection': 'keep-alive', 'Authorization': 'Basic am91bHU6cHVra2k=', 'X-Schemathesis-TestCaseId': '56Ipg5', 'Content-Length': '0'} body: None</msg>
<msg time="2026-03-12T16:21:55.875732" level="DEBUG">Response: {'date': ['Thu, 12 Mar 2026 14:21:54 GMT'], 'server': ['uvicorn'], 'content-length': ['42'], 'content-type': ['application/json']} | 200 | {"item_id":20,"name":"Coffee","price":5.0}</msg>
<arg>${case}</arg>
<doc>Call and validate a Schemathesis case.</doc>
<status status="PASS" start="2026-03-12T16:21:55.874583" elapsed="0.001164"/>
</kw>
<arg>case=Case(path_parameters={'item_id': 20}, headers={'Authorization': 'Basic am91bHU6cHVra2k='})</arg>
<status status="PASS" start="2026-03-12T16:21:55.874513" elapsed="0.001257"/>
</kw>
<status status="PASS" start="2026-03-12T16:21:55.874283" elapsed="0.001522"/>
</test>
<test id="s1-s3-t16" name="DELETE /item/{item_id} - nwNeBX" line="12">
<kw name="Wrapper">
<kw name="Call And Validate" owner="SchemathesisLibrary">
<msg time="2026-03-12T16:21:55.876246" level="INFO">auth: None &lt;class 'NoneType'&gt;</msg>
<msg time="2026-03-12T16:21:55.876256" level="INFO">Case: /item/{item_id} | DELETE | {'item_id': 20}</msg>
<msg time="2026-03-12T16:21:55.876263" level="DEBUG">Case headers {'Authorization': 'Basic am91bHU6cHVra2k='} body 'Not set' cookies {} path parameters {'item_id': 20}</msg>
<msg time="2026-03-12T16:21:55.876525" level="DEBUG">Starting new HTTP connection (1): 127.0.0.1:80</msg>
<msg time="2026-03-12T16:21:55.877190" level="DEBUG">http://127.0.0.1:80 "DELETE /item/20 HTTP/1.1" 200 42</msg>
<msg time="2026-03-12T16:21:55.877369" level="DEBUG">Request: DELETE http://127.0.0.1/item/20 headers: {'User-Agent': 'schemathesis/4.12.0', 'Accept-Encoding': 'gzip, deflate', 'Accept': '*/*', 'Connection': 'keep-alive', 'Authorization': 'Basic am91bHU6cHVra2k=', 'X-Schemathesis-TestCaseId': 'nwNeBX', 'Content-Length': '0'} body: None</msg>
<msg time="2026-03-12T16:21:55.877381" level="DEBUG">Response: {'date': ['Thu, 12 Mar 2026 14:21:54 GMT'], 'server': ['uvicorn'], 'content-length': ['42'], 'content-type': ['application/json']} | 200 | {"item_id":20,"name":"Coffee","price":5.0}</msg>
<arg>${case}</arg>
<doc>Call and validate a Schemathesis case.</doc>
<status status="PASS" start="2026-03-12T16:21:55.876197" elapsed="0.001198"/>
</kw>
<arg>case=Case(path_parameters={'item_id': 20}, headers={'Authorization': 'Basic am91bHU6cHVra2k='})</arg>
<status status="PASS" start="2026-03-12T16:21:55.876119" elapsed="0.001296"/>
</kw>
<status status="PASS" start="2026-03-12T16:21:55.875857" elapsed="0.001588"/>
</test>
<test id="s1-s3-t17" name="POST /item - e4yWME" line="12">
<kw name="Wrapper">
<kw name="Call And Validate" owner="SchemathesisLibrary">
<msg time="2026-03-12T16:21:55.877824" level="INFO">auth: None &lt;class 'NoneType'&gt;</msg>
<msg time="2026-03-12T16:21:55.877833" level="INFO">Case: /item | POST | {}</msg>
<msg time="2026-03-12T16:21:55.877841" level="DEBUG">Case headers {'Authorization': 'Basic am91bHU6cHVra2k='} body {'item_id': 0, 'name': '', 'price': 0.0} cookies {} path parameters {}</msg>
<msg time="2026-03-12T16:21:55.878130" level="DEBUG">Starting new HTTP connection (1): 127.0.0.1:80</msg>
<msg time="2026-03-12T16:21:55.878957" level="DEBUG">http://127.0.0.1:80 "POST /item HTTP/1.1" 200 35</msg>
<msg time="2026-03-12T16:21:55.879164" level="DEBUG">Request: POST http://127.0.0.1/item headers: {'User-Agent': 'schemathesis/4.12.0', 'Accept-Encoding': 'gzip, deflate', 'Accept': '*/*', 'Connection': 'keep-alive', 'Authorization': 'Basic am91bHU6cHVra2k=', 'X-Schemathesis-TestCaseId': 'e4yWME', 'Content-Type': 'application/json', 'Content-Length': '40'} body: b'{"item_id": 0, "name": "", "price": 0.0}'</msg>
<msg time="2026-03-12T16:21:55.879176" level="DEBUG">Response: {'date': ['Thu, 12 Mar 2026 14:21:54 GMT'], 'server': ['uvicorn'], 'content-length': ['35'], 'content-type': ['application/json']} | 200 | {"item_id":0,"name":"","price":0.0}</msg>
<arg>${case}</arg>
<doc>Call and validate a Schemathesis case.</doc>
<status status="PASS" start="2026-03-12T16:21:55.877782" elapsed="0.001407"/>
</kw>
<arg>case=Case(headers={'Authorization': 'Basic am91bHU6cHVra2k='}, body={'item_id': 0, 'name': '', 'price': 0.0})</arg>
<status status="PASS" start="2026-03-12T16:21:55.877713" elapsed="0.001495"/>
</kw>
<status status="PASS" start="2026-03-12T16:21:55.877488" elapsed="0.001751"/>
</test>
<test id="s1-s3-t18" name="POST /item - Nuq169" line="12">
<kw name="Wrapper">
<kw name="Call And Validate" owner="SchemathesisLibrary">
<msg time="2026-03-12T16:21:55.879617" level="INFO">auth: None &lt;class 'NoneType'&gt;</msg>
<msg time="2026-03-12T16:21:55.879626" level="INFO">Case: /item | POST | {}</msg>
<msg time="2026-03-12T16:21:55.879636" level="DEBUG">Case headers {'Authorization': 'Basic am91bHU6cHVra2k='} body {'item_id': -3022, 'name': 'Y\x04\x8a\U000333cbU\x1bë', 'price': -1.0086876162902458e+16} cookies {} path parameters {}</msg>
<msg time="2026-03-12T16:21:55.879909" level="DEBUG">Starting new HTTP connection (1): 127.0.0.1:80</msg>
<msg time="2026-03-12T16:21:55.880572" level="DEBUG">http://127.0.0.1:80 "POST /item HTTP/1.1" 200 80</msg>
<msg time="2026-03-12T16:21:55.880743" level="DEBUG">Request: POST http://127.0.0.1/item headers: {'User-Agent': 'schemathesis/4.12.0', 'Accept-Encoding': 'gzip, deflate', 'Accept': '*/*', 'Connection': 'keep-alive', 'Authorization': 'Basic am91bHU6cHVra2k=', 'X-Schemathesis-TestCaseId': 'Nuq169', 'Content-Type': 'application/json', 'Content-Length': '102'} body: b'{"item_id": -3022, "name": "Y\\u0004\\u008a\\ud88c\\udfcbU\\u001b\\u00eb", "price": -1.0086876162902458e+16}'</msg>
<msg time="2026-03-12T16:21:55.880756" level="DEBUG">Response: {'date': ['Thu, 12 Mar 2026 14:21:54 GMT'], 'server': ['uvicorn'], 'content-length': ['80'], 'content-type': ['application/json']} | 200 | {"item_id":-3022,"name":"Y\u0004𳏋U\u001bë","price":-1.0086876162902458e16}</msg>
<arg>${case}</arg>
<doc>Call and validate a Schemathesis case.</doc>
<status status="PASS" start="2026-03-12T16:21:55.879575" elapsed="0.001221"/>
</kw>
<arg>case=Case(headers={'Authorization': 'Basic am91bHU6cHVra2k='}, body={'item_id': -3022, 'name': 'Y\x04\x8a\U000333cbU\x1bë', 'price': -1.0086876162902458e+16})</arg>
<status status="PASS" start="2026-03-12T16:21:55.879507" elapsed="0.001308"/>
</kw>
<status status="PASS" start="2026-03-12T16:21:55.879283" elapsed="0.001564"/>
</test>
<test id="s1-s3-t19" name="POST /item - wfF60N" line="12">
<kw name="Wrapper">
<kw name="Call And Validate" owner="SchemathesisLibrary">
<msg time="2026-03-12T16:21:55.881223" level="INFO">auth: None &lt;class 'NoneType'&gt;</msg>
<msg time="2026-03-12T16:21:55.881232" level="INFO">Case: /item | POST | {}</msg>
<msg time="2026-03-12T16:21:55.881243" level="DEBUG">Case headers {'Authorization': 'Basic am91bHU6cHVra2k='} body {'item_id': -7608, 'name': '', 'price': 3.0230448899333554e-46, '𠼾': [], 'w\x03È': [[], [], []]} cookies {} path parameters {}</msg>
<msg time="2026-03-12T16:21:55.881592" level="DEBUG">Starting new HTTP connection (1): 127.0.0.1:80</msg>
<msg time="2026-03-12T16:21:55.882312" level="DEBUG">http://127.0.0.1:80 "POST /item HTTP/1.1" 200 58</msg>
<msg time="2026-03-12T16:21:55.882500" level="DEBUG">Request: POST http://127.0.0.1/item headers: {'User-Agent': 'schemathesis/4.12.0', 'Accept-Encoding': 'gzip, deflate', 'Accept': '*/*', 'Connection': 'keep-alive', 'Authorization': 'Basic am91bHU6cHVra2k=', 'X-Schemathesis-TestCaseId': 'wfF60N', 'Content-Type': 'application/json', 'Content-Length': '114'} body: b'{"item_id": -7608, "name": "", "price": 3.0230448899333554e-46, "\\ud843\\udf3e": [], "w\\u0003\\u00c8": [[], [], []]}'</msg>
<msg time="2026-03-12T16:21:55.882513" level="DEBUG">Response: {'date': ['Thu, 12 Mar 2026 14:21:54 GMT'], 'server': ['uvicorn'], 'content-length': ['58'], 'content-type': ['application/json']} | 200 | {"item_id":-7608,"name":"","price":3.0230448899333554e-46}</msg>
<arg>${case}</arg>
<doc>Call and validate a Schemathesis case.</doc>
<status status="PASS" start="2026-03-12T16:21:55.881181" elapsed="0.001347"/>
</kw>
<arg>case=Case(headers={'Authorization': 'Basic am91bHU6cHVra2k='}, body={'item_id': -7608, 'name': '', 'price': 3.0230448899333554e-46, '𠼾': [], 'w\x03È': [[], [], []]})</arg>
<status status="PASS" start="2026-03-12T16:21:55.881114" elapsed="0.001435"/>
</kw>
<status status="PASS" start="2026-03-12T16:21:55.880890" elapsed="0.001697"/>
</test>
<status status="PASS" start="2026-03-12T16:21:55.777205" elapsed="0.105472"/>
</suite>
<status status="FAIL" start="2026-03-12T16:21:55.254005" elapsed="0.628865"/>
</suite>
<statistics>
<total>
<stat pass="33" fail="24" skip="0">All Tests</stat>
</total>
<tag>
</tag>
<suite>
<stat name="Atest" id="s1" pass="33" fail="24" skip="0">Atest</stat>
<stat name="1 Test" id="s1-s1" pass="4" fail="15" skip="0">Atest.1 Test</stat>
<stat name="2 Test" id="s1-s2" pass="10" fail="9" skip="0">Atest.2 Test</stat>
<stat name="3 Test" id="s1-s3" pass="19" fail="0" skip="0">Atest.3 Test</stat>
</suite>
</statistics>
<errors>
</errors>
</robot>
